<?xml version="1.0" encoding="UTF-8" standalone="no"?>
<testsuite errors="0" failures="96" name="io.cucumber.core.plugin.JUnitFormatter" skipped="0" tests="125" time="13.208">
    <testcase classname="User will be able to perform get, post, put and delete operations on SkillAPI" name="Verify that all Skill data can be retrieved with the url" time="2.366">
        <system-out><![CDATA[Given User sets request endpoint for Skill API with valid authorization.....passed
When User sends GET request for Skill API...................................passed
Then User should get the status code "200" for Skill API....................passed
]]></system-out>
    </testcase>
    <testcase classname="User will be able to perform get, post, put and delete operations on SkillAPI" name="Verify that single User Skill can be retrieved with the url" time="0.926">
        <failure message="1 expectation failed.&#10;Expected header &quot;Content-Type&quot; was not &quot;application/json&quot;, was &quot;text/html;charset=utf-8&quot;. Headers are:&#10;Date=Sun, 19 Jun 2022 19:30:55 GMT&#10;X-Content-Type-Options=nosniff&#10;Set-Cookie=JSESSIONID.4cb4d0ae=node011lxtdy8k01vw1avvntnm5kl723.node0; Path=/; HttpOnly&#10;Expires=Thu, 01 Jan 1970 00:00:00 GMT&#10;Content-Type=text/html;charset=utf-8&#10;X-Hudson=1.395&#10;X-Jenkins=2.332.3&#10;X-Jenkins-Session=f8d52bac&#10;Content-Length=579&#10;Server=Jetty(9.4.43.v20210629)&#10;" type="java.lang.AssertionError"><![CDATA[Given User sets request endpoint for Skill API with valid authorization.....passed
When User sends GET request with Skillid from "getSkillId" and 0............passed
Then User should get the status code "200" and skillid for Skill API........passed
Then Get all Skill data displayed with updated data.........................failed

StackTrace:
java.lang.AssertionError: 1 expectation failed.
Expected header "Content-Type" was not "application/json", was "text/html;charset=utf-8". Headers are:
Date=Sun, 19 Jun 2022 19:30:55 GMT
X-Content-Type-Options=nosniff
Set-Cookie=JSESSIONID.4cb4d0ae=node011lxtdy8k01vw1avvntnm5kl723.node0; Path=/; HttpOnly
Expires=Thu, 01 Jan 1970 00:00:00 GMT
Content-Type=text/html;charset=utf-8
X-Hudson=1.395
X-Jenkins=2.332.3
X-Jenkins-Session=f8d52bac
Content-Length=579
Server=Jetty(9.4.43.v20210629)

	at java.base/jdk.internal.reflect.DirectConstructorHandleAccessor.newInstance(DirectConstructorHandleAccessor.java:67)
	at java.base/java.lang.reflect.Constructor.newInstanceWithCaller(Constructor.java:499)
	at java.base/java.lang.reflect.Constructor.newInstance(Constructor.java:483)
	at org.codehaus.groovy.reflection.CachedConstructor.invoke(CachedConstructor.java:72)
	at org.codehaus.groovy.runtime.callsite.ConstructorSite$ConstructorSiteNoUnwrapNoCoerce.callConstructor(ConstructorSite.java:105)
	at org.codehaus.groovy.runtime.callsite.CallSiteArray.defaultCallConstructor(CallSiteArray.java:59)
	at org.codehaus.groovy.runtime.callsite.AbstractCallSite.callConstructor(AbstractCallSite.java:263)
	at org.codehaus.groovy.runtime.callsite.AbstractCallSite.callConstructor(AbstractCallSite.java:277)
	at io.restassured.internal.ResponseSpecificationImpl$HamcrestAssertionClosure.validate(ResponseSpecificationImpl.groovy:499)
	at io.restassured.internal.ResponseSpecificationImpl$HamcrestAssertionClosure$validate$1.call(Unknown Source)
	at org.codehaus.groovy.runtime.callsite.CallSiteArray.defaultCall(CallSiteArray.java:47)
	at org.codehaus.groovy.runtime.callsite.AbstractCallSite.call(AbstractCallSite.java:125)
	at org.codehaus.groovy.runtime.callsite.AbstractCallSite.call(AbstractCallSite.java:139)
	at io.restassured.internal.ResponseSpecificationImpl.validateResponseIfRequired(ResponseSpecificationImpl.groovy:684)
	at java.base/jdk.internal.reflect.DirectMethodHandleAccessor.invoke(DirectMethodHandleAccessor.java:104)
	at java.base/java.lang.reflect.Method.invoke(Method.java:577)
	at org.codehaus.groovy.runtime.callsite.PlainObjectMetaMethodSite.doInvoke(PlainObjectMetaMethodSite.java:43)
	at org.codehaus.groovy.runtime.callsite.PogoMetaMethodSite$PogoCachedMethodSiteNoUnwrapNoCoerce.invoke(PogoMetaMethodSite.java:193)
	at org.codehaus.groovy.runtime.callsite.PogoMetaMethodSite.callCurrent(PogoMetaMethodSite.java:61)
	at org.codehaus.groovy.runtime.callsite.CallSiteArray.defaultCallCurrent(CallSiteArray.java:51)
	at org.codehaus.groovy.runtime.callsite.AbstractCallSite.callCurrent(AbstractCallSite.java:171)
	at org.codehaus.groovy.runtime.callsite.AbstractCallSite.callCurrent(AbstractCallSite.java:185)
	at io.restassured.internal.ResponseSpecificationImpl.header(ResponseSpecificationImpl.groovy:183)
	at io.restassured.specification.ResponseSpecification$header$0.callCurrent(Unknown Source)
	at org.codehaus.groovy.runtime.callsite.CallSiteArray.defaultCallCurrent(CallSiteArray.java:51)
	at org.codehaus.groovy.runtime.callsite.AbstractCallSite.callCurrent(AbstractCallSite.java:171)
	at org.codehaus.groovy.runtime.callsite.AbstractCallSite.callCurrent(AbstractCallSite.java:194)
	at io.restassured.internal.ResponseSpecificationImpl.header(ResponseSpecificationImpl.groovy:190)
	at io.restassured.internal.ValidatableResponseOptionsImpl.header(ValidatableResponseOptionsImpl.java:124)
	at io.restassured.internal.ValidatableResponseImpl.super$2$header(ValidatableResponseImpl.groovy)
	at java.base/jdk.internal.reflect.DirectMethodHandleAccessor.invoke(DirectMethodHandleAccessor.java:104)
	at java.base/java.lang.reflect.Method.invoke(Method.java:577)
	at org.codehaus.groovy.reflection.CachedMethod.invoke(CachedMethod.java:107)
	at groovy.lang.MetaMethod.doMethodInvoke(MetaMethod.java:323)
	at groovy.lang.MetaClassImpl.invokeMethod(MetaClassImpl.java:1268)
	at org.codehaus.groovy.runtime.ScriptBytecodeAdapter.invokeMethodOnSuperN(ScriptBytecodeAdapter.java:144)
	at io.restassured.internal.ValidatableResponseImpl.header(ValidatableResponseImpl.groovy:184)
	at io.restassured.internal.ValidatableResponseImpl.header(ValidatableResponseImpl.groovy)
	at stepDefinitions.SkillAPI.Get_all_Users_data_displayed_with_updated_data(SkillAPI.java:220)
	at ✽.Get all Skill data displayed with updated data(file:///Users/nishikhandagale/eclipse-workspace%203/BDDCucumber-LMSAPI/./resources/Feature/SkillsAPI.feature:15)
]]></failure>
    </testcase>
    <testcase classname="User will be able to perform get, post, put and delete operations on SkillAPI" name="Verify that single User Skill can be retrieved with the url 2" time="0.223">
        <failure message="1 expectation failed.&#10;Expected header &quot;Content-Type&quot; was not &quot;application/json&quot;, was &quot;text/html;charset=utf-8&quot;. Headers are:&#10;Date=Sun, 19 Jun 2022 19:30:55 GMT&#10;X-Content-Type-Options=nosniff&#10;Set-Cookie=JSESSIONID.4cb4d0ae=node0tralelznbxwz761coqycbp9s24.node0; Path=/; HttpOnly&#10;Expires=Thu, 01 Jan 1970 00:00:00 GMT&#10;Content-Type=text/html;charset=utf-8&#10;X-Hudson=1.395&#10;X-Jenkins=2.332.3&#10;X-Jenkins-Session=f8d52bac&#10;Content-Length=579&#10;Server=Jetty(9.4.43.v20210629)&#10;" type="java.lang.AssertionError"><![CDATA[Given User sets request endpoint for Skill API with valid authorization.....passed
When User sends GET request with Skillid from "getSkillId" and 1............passed
Then User should get the status code "200" and skillid for Skill API........passed
Then Get all Skill data displayed with updated data.........................failed

StackTrace:
java.lang.AssertionError: 1 expectation failed.
Expected header "Content-Type" was not "application/json", was "text/html;charset=utf-8". Headers are:
Date=Sun, 19 Jun 2022 19:30:55 GMT
X-Content-Type-Options=nosniff
Set-Cookie=JSESSIONID.4cb4d0ae=node0tralelznbxwz761coqycbp9s24.node0; Path=/; HttpOnly
Expires=Thu, 01 Jan 1970 00:00:00 GMT
Content-Type=text/html;charset=utf-8
X-Hudson=1.395
X-Jenkins=2.332.3
X-Jenkins-Session=f8d52bac
Content-Length=579
Server=Jetty(9.4.43.v20210629)

	at java.base/jdk.internal.reflect.DirectConstructorHandleAccessor.newInstance(DirectConstructorHandleAccessor.java:67)
	at java.base/java.lang.reflect.Constructor.newInstanceWithCaller(Constructor.java:499)
	at java.base/java.lang.reflect.Constructor.newInstance(Constructor.java:483)
	at org.codehaus.groovy.reflection.CachedConstructor.invoke(CachedConstructor.java:72)
	at org.codehaus.groovy.runtime.callsite.ConstructorSite$ConstructorSiteNoUnwrapNoCoerce.callConstructor(ConstructorSite.java:105)
	at org.codehaus.groovy.runtime.callsite.AbstractCallSite.callConstructor(AbstractCallSite.java:277)
	at io.restassured.internal.ResponseSpecificationImpl$HamcrestAssertionClosure.validate(ResponseSpecificationImpl.groovy:499)
	at io.restassured.internal.ResponseSpecificationImpl$HamcrestAssertionClosure$validate$1.call(Unknown Source)
	at io.restassured.internal.ResponseSpecificationImpl.validateResponseIfRequired(ResponseSpecificationImpl.groovy:684)
	at java.base/jdk.internal.reflect.DirectMethodHandleAccessor.invoke(DirectMethodHandleAccessor.java:104)
	at java.base/java.lang.reflect.Method.invoke(Method.java:577)
	at org.codehaus.groovy.runtime.callsite.PlainObjectMetaMethodSite.doInvoke(PlainObjectMetaMethodSite.java:43)
	at org.codehaus.groovy.runtime.callsite.PogoMetaMethodSite$PogoCachedMethodSiteNoUnwrapNoCoerce.invoke(PogoMetaMethodSite.java:193)
	at org.codehaus.groovy.runtime.callsite.PogoMetaMethodSite.callCurrent(PogoMetaMethodSite.java:61)
	at org.codehaus.groovy.runtime.callsite.AbstractCallSite.callCurrent(AbstractCallSite.java:185)
	at io.restassured.internal.ResponseSpecificationImpl.header(ResponseSpecificationImpl.groovy:183)
	at io.restassured.specification.ResponseSpecification$header$0.callCurrent(Unknown Source)
	at io.restassured.internal.ResponseSpecificationImpl.header(ResponseSpecificationImpl.groovy:190)
	at io.restassured.internal.ValidatableResponseOptionsImpl.header(ValidatableResponseOptionsImpl.java:124)
	at io.restassured.internal.ValidatableResponseImpl.super$2$header(ValidatableResponseImpl.groovy)
	at java.base/jdk.internal.reflect.DirectMethodHandleAccessor.invoke(DirectMethodHandleAccessor.java:104)
	at java.base/java.lang.reflect.Method.invoke(Method.java:577)
	at org.codehaus.groovy.reflection.CachedMethod.invoke(CachedMethod.java:107)
	at groovy.lang.MetaMethod.doMethodInvoke(MetaMethod.java:323)
	at groovy.lang.MetaClassImpl.invokeMethod(MetaClassImpl.java:1268)
	at org.codehaus.groovy.runtime.ScriptBytecodeAdapter.invokeMethodOnSuperN(ScriptBytecodeAdapter.java:144)
	at io.restassured.internal.ValidatableResponseImpl.header(ValidatableResponseImpl.groovy:184)
	at io.restassured.internal.ValidatableResponseImpl.header(ValidatableResponseImpl.groovy)
	at stepDefinitions.SkillAPI.Get_all_Users_data_displayed_with_updated_data(SkillAPI.java:220)
	at ✽.Get all Skill data displayed with updated data(file:///Users/nishikhandagale/eclipse-workspace%203/BDDCucumber-LMSAPI/./resources/Feature/SkillsAPI.feature:15)
]]></failure>
    </testcase>
    <testcase classname="User will be able to perform get, post, put and delete operations on SkillAPI" name="Verify that single User Skill can be retrieved with the url 3" time="0.235">
        <failure message="1 expectation failed.&#10;Expected header &quot;Content-Type&quot; was not &quot;application/json&quot;, was &quot;text/html;charset=utf-8&quot;. Headers are:&#10;Date=Sun, 19 Jun 2022 19:30:56 GMT&#10;X-Content-Type-Options=nosniff&#10;Set-Cookie=JSESSIONID.4cb4d0ae=node01i1sh478yu95g1ucnyyowyblri25.node0; Path=/; HttpOnly&#10;Expires=Thu, 01 Jan 1970 00:00:00 GMT&#10;Content-Type=text/html;charset=utf-8&#10;X-Hudson=1.395&#10;X-Jenkins=2.332.3&#10;X-Jenkins-Session=f8d52bac&#10;Content-Length=579&#10;Server=Jetty(9.4.43.v20210629)&#10;" type="java.lang.AssertionError"><![CDATA[Given User sets request endpoint for Skill API with valid authorization.....passed
When User sends GET request with Skillid from "getSkillId" and 2............passed
Then User should get the status code "200" and skillid for Skill API........passed
Then Get all Skill data displayed with updated data.........................failed

StackTrace:
java.lang.AssertionError: 1 expectation failed.
Expected header "Content-Type" was not "application/json", was "text/html;charset=utf-8". Headers are:
Date=Sun, 19 Jun 2022 19:30:56 GMT
X-Content-Type-Options=nosniff
Set-Cookie=JSESSIONID.4cb4d0ae=node01i1sh478yu95g1ucnyyowyblri25.node0; Path=/; HttpOnly
Expires=Thu, 01 Jan 1970 00:00:00 GMT
Content-Type=text/html;charset=utf-8
X-Hudson=1.395
X-Jenkins=2.332.3
X-Jenkins-Session=f8d52bac
Content-Length=579
Server=Jetty(9.4.43.v20210629)

	at java.base/jdk.internal.reflect.DirectConstructorHandleAccessor.newInstance(DirectConstructorHandleAccessor.java:67)
	at java.base/java.lang.reflect.Constructor.newInstanceWithCaller(Constructor.java:499)
	at java.base/java.lang.reflect.Constructor.newInstance(Constructor.java:483)
	at org.codehaus.groovy.reflection.CachedConstructor.invoke(CachedConstructor.java:72)
	at org.codehaus.groovy.runtime.callsite.ConstructorSite$ConstructorSiteNoUnwrapNoCoerce.callConstructor(ConstructorSite.java:105)
	at org.codehaus.groovy.runtime.callsite.AbstractCallSite.callConstructor(AbstractCallSite.java:277)
	at io.restassured.internal.ResponseSpecificationImpl$HamcrestAssertionClosure.validate(ResponseSpecificationImpl.groovy:499)
	at io.restassured.internal.ResponseSpecificationImpl$HamcrestAssertionClosure$validate$1.call(Unknown Source)
	at io.restassured.internal.ResponseSpecificationImpl.validateResponseIfRequired(ResponseSpecificationImpl.groovy:684)
	at java.base/jdk.internal.reflect.DirectMethodHandleAccessor.invoke(DirectMethodHandleAccessor.java:104)
	at java.base/java.lang.reflect.Method.invoke(Method.java:577)
	at org.codehaus.groovy.runtime.callsite.PlainObjectMetaMethodSite.doInvoke(PlainObjectMetaMethodSite.java:43)
	at org.codehaus.groovy.runtime.callsite.PogoMetaMethodSite$PogoCachedMethodSiteNoUnwrapNoCoerce.invoke(PogoMetaMethodSite.java:193)
	at org.codehaus.groovy.runtime.callsite.PogoMetaMethodSite.callCurrent(PogoMetaMethodSite.java:61)
	at org.codehaus.groovy.runtime.callsite.AbstractCallSite.callCurrent(AbstractCallSite.java:185)
	at io.restassured.internal.ResponseSpecificationImpl.header(ResponseSpecificationImpl.groovy:183)
	at io.restassured.specification.ResponseSpecification$header$0.callCurrent(Unknown Source)
	at io.restassured.internal.ResponseSpecificationImpl.header(ResponseSpecificationImpl.groovy:190)
	at io.restassured.internal.ValidatableResponseOptionsImpl.header(ValidatableResponseOptionsImpl.java:124)
	at io.restassured.internal.ValidatableResponseImpl.super$2$header(ValidatableResponseImpl.groovy)
	at java.base/jdk.internal.reflect.DirectMethodHandleAccessor.invoke(DirectMethodHandleAccessor.java:104)
	at java.base/java.lang.reflect.Method.invoke(Method.java:577)
	at org.codehaus.groovy.reflection.CachedMethod.invoke(CachedMethod.java:107)
	at groovy.lang.MetaMethod.doMethodInvoke(MetaMethod.java:323)
	at groovy.lang.MetaClassImpl.invokeMethod(MetaClassImpl.java:1268)
	at org.codehaus.groovy.runtime.ScriptBytecodeAdapter.invokeMethodOnSuperN(ScriptBytecodeAdapter.java:144)
	at io.restassured.internal.ValidatableResponseImpl.header(ValidatableResponseImpl.groovy:184)
	at io.restassured.internal.ValidatableResponseImpl.header(ValidatableResponseImpl.groovy)
	at stepDefinitions.SkillAPI.Get_all_Users_data_displayed_with_updated_data(SkillAPI.java:220)
	at ✽.Get all Skill data displayed with updated data(file:///Users/nishikhandagale/eclipse-workspace%203/BDDCucumber-LMSAPI/./resources/Feature/SkillsAPI.feature:15)
]]></failure>
    </testcase>
    <testcase classname="User will be able to perform get, post, put and delete operations on SkillAPI" name="Verify that single User Skill can be retrieved with the url 4" time="0.226">
        <failure message="1 expectation failed.&#10;Expected header &quot;Content-Type&quot; was not &quot;application/json&quot;, was &quot;text/html;charset=utf-8&quot;. Headers are:&#10;Date=Sun, 19 Jun 2022 19:30:56 GMT&#10;X-Content-Type-Options=nosniff&#10;Set-Cookie=JSESSIONID.4cb4d0ae=node0b508l18a6ixccmytnb67ma2s26.node0; Path=/; HttpOnly&#10;Expires=Thu, 01 Jan 1970 00:00:00 GMT&#10;Content-Type=text/html;charset=utf-8&#10;X-Hudson=1.395&#10;X-Jenkins=2.332.3&#10;X-Jenkins-Session=f8d52bac&#10;Content-Length=579&#10;Server=Jetty(9.4.43.v20210629)&#10;" type="java.lang.AssertionError"><![CDATA[Given User sets request endpoint for Skill API with valid authorization.....passed
When User sends GET request with Skillid from "getSkillId" and 3............passed
Then User should get the status code "200" and skillid for Skill API........passed
Then Get all Skill data displayed with updated data.........................failed

StackTrace:
java.lang.AssertionError: 1 expectation failed.
Expected header "Content-Type" was not "application/json", was "text/html;charset=utf-8". Headers are:
Date=Sun, 19 Jun 2022 19:30:56 GMT
X-Content-Type-Options=nosniff
Set-Cookie=JSESSIONID.4cb4d0ae=node0b508l18a6ixccmytnb67ma2s26.node0; Path=/; HttpOnly
Expires=Thu, 01 Jan 1970 00:00:00 GMT
Content-Type=text/html;charset=utf-8
X-Hudson=1.395
X-Jenkins=2.332.3
X-Jenkins-Session=f8d52bac
Content-Length=579
Server=Jetty(9.4.43.v20210629)

	at java.base/jdk.internal.reflect.DirectConstructorHandleAccessor.newInstance(DirectConstructorHandleAccessor.java:67)
	at java.base/java.lang.reflect.Constructor.newInstanceWithCaller(Constructor.java:499)
	at java.base/java.lang.reflect.Constructor.newInstance(Constructor.java:483)
	at org.codehaus.groovy.reflection.CachedConstructor.invoke(CachedConstructor.java:72)
	at org.codehaus.groovy.runtime.callsite.ConstructorSite$ConstructorSiteNoUnwrapNoCoerce.callConstructor(ConstructorSite.java:105)
	at org.codehaus.groovy.runtime.callsite.AbstractCallSite.callConstructor(AbstractCallSite.java:277)
	at io.restassured.internal.ResponseSpecificationImpl$HamcrestAssertionClosure.validate(ResponseSpecificationImpl.groovy:499)
	at io.restassured.internal.ResponseSpecificationImpl$HamcrestAssertionClosure$validate$1.call(Unknown Source)
	at io.restassured.internal.ResponseSpecificationImpl.validateResponseIfRequired(ResponseSpecificationImpl.groovy:684)
	at java.base/jdk.internal.reflect.DirectMethodHandleAccessor.invoke(DirectMethodHandleAccessor.java:104)
	at java.base/java.lang.reflect.Method.invoke(Method.java:577)
	at org.codehaus.groovy.runtime.callsite.PlainObjectMetaMethodSite.doInvoke(PlainObjectMetaMethodSite.java:43)
	at org.codehaus.groovy.runtime.callsite.PogoMetaMethodSite$PogoCachedMethodSiteNoUnwrapNoCoerce.invoke(PogoMetaMethodSite.java:193)
	at org.codehaus.groovy.runtime.callsite.PogoMetaMethodSite.callCurrent(PogoMetaMethodSite.java:61)
	at org.codehaus.groovy.runtime.callsite.AbstractCallSite.callCurrent(AbstractCallSite.java:185)
	at io.restassured.internal.ResponseSpecificationImpl.header(ResponseSpecificationImpl.groovy:183)
	at io.restassured.specification.ResponseSpecification$header$0.callCurrent(Unknown Source)
	at io.restassured.internal.ResponseSpecificationImpl.header(ResponseSpecificationImpl.groovy:190)
	at io.restassured.internal.ValidatableResponseOptionsImpl.header(ValidatableResponseOptionsImpl.java:124)
	at io.restassured.internal.ValidatableResponseImpl.super$2$header(ValidatableResponseImpl.groovy)
	at java.base/jdk.internal.reflect.DirectMethodHandleAccessor.invoke(DirectMethodHandleAccessor.java:104)
	at java.base/java.lang.reflect.Method.invoke(Method.java:577)
	at org.codehaus.groovy.reflection.CachedMethod.invoke(CachedMethod.java:107)
	at groovy.lang.MetaMethod.doMethodInvoke(MetaMethod.java:323)
	at groovy.lang.MetaClassImpl.invokeMethod(MetaClassImpl.java:1268)
	at org.codehaus.groovy.runtime.ScriptBytecodeAdapter.invokeMethodOnSuperN(ScriptBytecodeAdapter.java:144)
	at io.restassured.internal.ValidatableResponseImpl.header(ValidatableResponseImpl.groovy:184)
	at io.restassured.internal.ValidatableResponseImpl.header(ValidatableResponseImpl.groovy)
	at stepDefinitions.SkillAPI.Get_all_Users_data_displayed_with_updated_data(SkillAPI.java:220)
	at ✽.Get all Skill data displayed with updated data(file:///Users/nishikhandagale/eclipse-workspace%203/BDDCucumber-LMSAPI/./resources/Feature/SkillsAPI.feature:15)
]]></failure>
    </testcase>
    <testcase classname="User will be able to perform get, post, put and delete operations on SkillAPI" name="Verify that single User Skill can be retrieved with the url 5" time="0.33">
        <failure message="1 expectation failed.&#10;Expected header &quot;Content-Type&quot; was not &quot;application/json&quot;, was &quot;text/html;charset=utf-8&quot;. Headers are:&#10;Date=Sun, 19 Jun 2022 19:30:56 GMT&#10;X-Content-Type-Options=nosniff&#10;Set-Cookie=JSESSIONID.4cb4d0ae=node0espydz6iez18m31sizsbd32w27.node0; Path=/; HttpOnly&#10;Expires=Thu, 01 Jan 1970 00:00:00 GMT&#10;Content-Type=text/html;charset=utf-8&#10;X-Hudson=1.395&#10;X-Jenkins=2.332.3&#10;X-Jenkins-Session=f8d52bac&#10;Content-Length=579&#10;Server=Jetty(9.4.43.v20210629)&#10;" type="java.lang.AssertionError"><![CDATA[Given User sets request endpoint for Skill API with valid authorization.....passed
When User sends GET request with Skillid from "getSkillId" and 4............passed
Then User should get the status code "200" and skillid for Skill API........passed
Then Get all Skill data displayed with updated data.........................failed

StackTrace:
java.lang.AssertionError: 1 expectation failed.
Expected header "Content-Type" was not "application/json", was "text/html;charset=utf-8". Headers are:
Date=Sun, 19 Jun 2022 19:30:56 GMT
X-Content-Type-Options=nosniff
Set-Cookie=JSESSIONID.4cb4d0ae=node0espydz6iez18m31sizsbd32w27.node0; Path=/; HttpOnly
Expires=Thu, 01 Jan 1970 00:00:00 GMT
Content-Type=text/html;charset=utf-8
X-Hudson=1.395
X-Jenkins=2.332.3
X-Jenkins-Session=f8d52bac
Content-Length=579
Server=Jetty(9.4.43.v20210629)

	at java.base/jdk.internal.reflect.DirectConstructorHandleAccessor.newInstance(DirectConstructorHandleAccessor.java:67)
	at java.base/java.lang.reflect.Constructor.newInstanceWithCaller(Constructor.java:499)
	at java.base/java.lang.reflect.Constructor.newInstance(Constructor.java:483)
	at org.codehaus.groovy.reflection.CachedConstructor.invoke(CachedConstructor.java:72)
	at org.codehaus.groovy.runtime.callsite.ConstructorSite$ConstructorSiteNoUnwrapNoCoerce.callConstructor(ConstructorSite.java:105)
	at org.codehaus.groovy.runtime.callsite.AbstractCallSite.callConstructor(AbstractCallSite.java:277)
	at io.restassured.internal.ResponseSpecificationImpl$HamcrestAssertionClosure.validate(ResponseSpecificationImpl.groovy:499)
	at io.restassured.internal.ResponseSpecificationImpl$HamcrestAssertionClosure$validate$1.call(Unknown Source)
	at io.restassured.internal.ResponseSpecificationImpl.validateResponseIfRequired(ResponseSpecificationImpl.groovy:684)
	at java.base/jdk.internal.reflect.DirectMethodHandleAccessor.invoke(DirectMethodHandleAccessor.java:104)
	at java.base/java.lang.reflect.Method.invoke(Method.java:577)
	at org.codehaus.groovy.runtime.callsite.PlainObjectMetaMethodSite.doInvoke(PlainObjectMetaMethodSite.java:43)
	at org.codehaus.groovy.runtime.callsite.PogoMetaMethodSite$PogoCachedMethodSiteNoUnwrapNoCoerce.invoke(PogoMetaMethodSite.java:193)
	at org.codehaus.groovy.runtime.callsite.PogoMetaMethodSite.callCurrent(PogoMetaMethodSite.java:61)
	at org.codehaus.groovy.runtime.callsite.AbstractCallSite.callCurrent(AbstractCallSite.java:185)
	at io.restassured.internal.ResponseSpecificationImpl.header(ResponseSpecificationImpl.groovy:183)
	at io.restassured.specification.ResponseSpecification$header$0.callCurrent(Unknown Source)
	at io.restassured.internal.ResponseSpecificationImpl.header(ResponseSpecificationImpl.groovy:190)
	at io.restassured.internal.ValidatableResponseOptionsImpl.header(ValidatableResponseOptionsImpl.java:124)
	at io.restassured.internal.ValidatableResponseImpl.super$2$header(ValidatableResponseImpl.groovy)
	at java.base/jdk.internal.reflect.DirectMethodHandleAccessor.invoke(DirectMethodHandleAccessor.java:104)
	at java.base/java.lang.reflect.Method.invoke(Method.java:577)
	at org.codehaus.groovy.reflection.CachedMethod.invoke(CachedMethod.java:107)
	at groovy.lang.MetaMethod.doMethodInvoke(MetaMethod.java:323)
	at groovy.lang.MetaClassImpl.invokeMethod(MetaClassImpl.java:1268)
	at org.codehaus.groovy.runtime.ScriptBytecodeAdapter.invokeMethodOnSuperN(ScriptBytecodeAdapter.java:144)
	at io.restassured.internal.ValidatableResponseImpl.header(ValidatableResponseImpl.groovy:184)
	at io.restassured.internal.ValidatableResponseImpl.header(ValidatableResponseImpl.groovy)
	at stepDefinitions.SkillAPI.Get_all_Users_data_displayed_with_updated_data(SkillAPI.java:220)
	at ✽.Get all Skill data displayed with updated data(file:///Users/nishikhandagale/eclipse-workspace%203/BDDCucumber-LMSAPI/./resources/Feature/SkillsAPI.feature:15)
]]></failure>
    </testcase>
    <testcase classname="User will be able to perform get, post, put and delete operations on SkillAPI" name="Verify that single User Skill can be retrieved with the url 6" time="0.214">
        <failure message="1 expectation failed.&#10;Expected header &quot;Content-Type&quot; was not &quot;application/json&quot;, was &quot;text/html;charset=utf-8&quot;. Headers are:&#10;Date=Sun, 19 Jun 2022 19:30:57 GMT&#10;X-Content-Type-Options=nosniff&#10;Set-Cookie=JSESSIONID.4cb4d0ae=node0c73txv1txtwz1qr2mu3yp152r28.node0; Path=/; HttpOnly&#10;Expires=Thu, 01 Jan 1970 00:00:00 GMT&#10;Content-Type=text/html;charset=utf-8&#10;X-Hudson=1.395&#10;X-Jenkins=2.332.3&#10;X-Jenkins-Session=f8d52bac&#10;Content-Length=579&#10;Server=Jetty(9.4.43.v20210629)&#10;" type="java.lang.AssertionError"><![CDATA[Given User sets request endpoint for Skill API with valid authorization.....passed
When User sends GET request with Skillid from "getSkillId" and 5............passed
Then User should get the status code "200" and skillid for Skill API........passed
Then Get all Skill data displayed with updated data.........................failed

StackTrace:
java.lang.AssertionError: 1 expectation failed.
Expected header "Content-Type" was not "application/json", was "text/html;charset=utf-8". Headers are:
Date=Sun, 19 Jun 2022 19:30:57 GMT
X-Content-Type-Options=nosniff
Set-Cookie=JSESSIONID.4cb4d0ae=node0c73txv1txtwz1qr2mu3yp152r28.node0; Path=/; HttpOnly
Expires=Thu, 01 Jan 1970 00:00:00 GMT
Content-Type=text/html;charset=utf-8
X-Hudson=1.395
X-Jenkins=2.332.3
X-Jenkins-Session=f8d52bac
Content-Length=579
Server=Jetty(9.4.43.v20210629)

	at java.base/jdk.internal.reflect.DirectConstructorHandleAccessor.newInstance(DirectConstructorHandleAccessor.java:67)
	at java.base/java.lang.reflect.Constructor.newInstanceWithCaller(Constructor.java:499)
	at java.base/java.lang.reflect.Constructor.newInstance(Constructor.java:483)
	at org.codehaus.groovy.reflection.CachedConstructor.invoke(CachedConstructor.java:72)
	at org.codehaus.groovy.runtime.callsite.ConstructorSite$ConstructorSiteNoUnwrapNoCoerce.callConstructor(ConstructorSite.java:105)
	at org.codehaus.groovy.runtime.callsite.AbstractCallSite.callConstructor(AbstractCallSite.java:277)
	at io.restassured.internal.ResponseSpecificationImpl$HamcrestAssertionClosure.validate(ResponseSpecificationImpl.groovy:499)
	at io.restassured.internal.ResponseSpecificationImpl$HamcrestAssertionClosure$validate$1.call(Unknown Source)
	at io.restassured.internal.ResponseSpecificationImpl.validateResponseIfRequired(ResponseSpecificationImpl.groovy:684)
	at java.base/jdk.internal.reflect.DirectMethodHandleAccessor.invoke(DirectMethodHandleAccessor.java:104)
	at java.base/java.lang.reflect.Method.invoke(Method.java:577)
	at org.codehaus.groovy.runtime.callsite.PlainObjectMetaMethodSite.doInvoke(PlainObjectMetaMethodSite.java:43)
	at org.codehaus.groovy.runtime.callsite.PogoMetaMethodSite$PogoCachedMethodSiteNoUnwrapNoCoerce.invoke(PogoMetaMethodSite.java:193)
	at org.codehaus.groovy.runtime.callsite.PogoMetaMethodSite.callCurrent(PogoMetaMethodSite.java:61)
	at org.codehaus.groovy.runtime.callsite.AbstractCallSite.callCurrent(AbstractCallSite.java:185)
	at io.restassured.internal.ResponseSpecificationImpl.header(ResponseSpecificationImpl.groovy:183)
	at io.restassured.specification.ResponseSpecification$header$0.callCurrent(Unknown Source)
	at io.restassured.internal.ResponseSpecificationImpl.header(ResponseSpecificationImpl.groovy:190)
	at io.restassured.internal.ValidatableResponseOptionsImpl.header(ValidatableResponseOptionsImpl.java:124)
	at io.restassured.internal.ValidatableResponseImpl.super$2$header(ValidatableResponseImpl.groovy)
	at java.base/jdk.internal.reflect.DirectMethodHandleAccessor.invoke(DirectMethodHandleAccessor.java:104)
	at java.base/java.lang.reflect.Method.invoke(Method.java:577)
	at org.codehaus.groovy.reflection.CachedMethod.invoke(CachedMethod.java:107)
	at groovy.lang.MetaMethod.doMethodInvoke(MetaMethod.java:323)
	at groovy.lang.MetaClassImpl.invokeMethod(MetaClassImpl.java:1268)
	at org.codehaus.groovy.runtime.ScriptBytecodeAdapter.invokeMethodOnSuperN(ScriptBytecodeAdapter.java:144)
	at io.restassured.internal.ValidatableResponseImpl.header(ValidatableResponseImpl.groovy:184)
	at io.restassured.internal.ValidatableResponseImpl.header(ValidatableResponseImpl.groovy)
	at stepDefinitions.SkillAPI.Get_all_Users_data_displayed_with_updated_data(SkillAPI.java:220)
	at ✽.Get all Skill data displayed with updated data(file:///Users/nishikhandagale/eclipse-workspace%203/BDDCucumber-LMSAPI/./resources/Feature/SkillsAPI.feature:15)
]]></failure>
    </testcase>
    <testcase classname="User will be able to perform get, post, put and delete operations on SkillAPI" name="Verify that single User Skill can be retrieved with the url 7" time="0.139">
        <failure message="1 expectation failed.&#10;Expected header &quot;Content-Type&quot; was not &quot;application/json&quot;, was &quot;text/html;charset=utf-8&quot;. Headers are:&#10;Date=Sun, 19 Jun 2022 19:30:57 GMT&#10;X-Content-Type-Options=nosniff&#10;Set-Cookie=JSESSIONID.4cb4d0ae=node01578yfemdwdvr2f1q0nojzbg029.node0; Path=/; HttpOnly&#10;Expires=Thu, 01 Jan 1970 00:00:00 GMT&#10;Content-Type=text/html;charset=utf-8&#10;X-Hudson=1.395&#10;X-Jenkins=2.332.3&#10;X-Jenkins-Session=f8d52bac&#10;Content-Length=579&#10;Server=Jetty(9.4.43.v20210629)&#10;" type="java.lang.AssertionError"><![CDATA[Given User sets request endpoint for Skill API with valid authorization.....passed
When User sends GET request with Skillid from "getSkillId" and 6............passed
Then User should get the status code "200" and skillid for Skill API........passed
Then Get all Skill data displayed with updated data.........................failed

StackTrace:
java.lang.AssertionError: 1 expectation failed.
Expected header "Content-Type" was not "application/json", was "text/html;charset=utf-8". Headers are:
Date=Sun, 19 Jun 2022 19:30:57 GMT
X-Content-Type-Options=nosniff
Set-Cookie=JSESSIONID.4cb4d0ae=node01578yfemdwdvr2f1q0nojzbg029.node0; Path=/; HttpOnly
Expires=Thu, 01 Jan 1970 00:00:00 GMT
Content-Type=text/html;charset=utf-8
X-Hudson=1.395
X-Jenkins=2.332.3
X-Jenkins-Session=f8d52bac
Content-Length=579
Server=Jetty(9.4.43.v20210629)

	at java.base/jdk.internal.reflect.DirectConstructorHandleAccessor.newInstance(DirectConstructorHandleAccessor.java:67)
	at java.base/java.lang.reflect.Constructor.newInstanceWithCaller(Constructor.java:499)
	at java.base/java.lang.reflect.Constructor.newInstance(Constructor.java:483)
	at org.codehaus.groovy.reflection.CachedConstructor.invoke(CachedConstructor.java:72)
	at org.codehaus.groovy.runtime.callsite.ConstructorSite$ConstructorSiteNoUnwrapNoCoerce.callConstructor(ConstructorSite.java:105)
	at org.codehaus.groovy.runtime.callsite.AbstractCallSite.callConstructor(AbstractCallSite.java:277)
	at io.restassured.internal.ResponseSpecificationImpl$HamcrestAssertionClosure.validate(ResponseSpecificationImpl.groovy:499)
	at io.restassured.internal.ResponseSpecificationImpl$HamcrestAssertionClosure$validate$1.call(Unknown Source)
	at io.restassured.internal.ResponseSpecificationImpl.validateResponseIfRequired(ResponseSpecificationImpl.groovy:684)
	at java.base/jdk.internal.reflect.DirectMethodHandleAccessor.invoke(DirectMethodHandleAccessor.java:104)
	at java.base/java.lang.reflect.Method.invoke(Method.java:577)
	at org.codehaus.groovy.runtime.callsite.PlainObjectMetaMethodSite.doInvoke(PlainObjectMetaMethodSite.java:43)
	at org.codehaus.groovy.runtime.callsite.PogoMetaMethodSite$PogoCachedMethodSiteNoUnwrapNoCoerce.invoke(PogoMetaMethodSite.java:193)
	at org.codehaus.groovy.runtime.callsite.PogoMetaMethodSite.callCurrent(PogoMetaMethodSite.java:61)
	at org.codehaus.groovy.runtime.callsite.AbstractCallSite.callCurrent(AbstractCallSite.java:185)
	at io.restassured.internal.ResponseSpecificationImpl.header(ResponseSpecificationImpl.groovy:183)
	at io.restassured.specification.ResponseSpecification$header$0.callCurrent(Unknown Source)
	at io.restassured.internal.ResponseSpecificationImpl.header(ResponseSpecificationImpl.groovy:190)
	at io.restassured.internal.ValidatableResponseOptionsImpl.header(ValidatableResponseOptionsImpl.java:124)
	at io.restassured.internal.ValidatableResponseImpl.super$2$header(ValidatableResponseImpl.groovy)
	at java.base/jdk.internal.reflect.DirectMethodHandleAccessor.invoke(DirectMethodHandleAccessor.java:104)
	at java.base/java.lang.reflect.Method.invoke(Method.java:577)
	at org.codehaus.groovy.reflection.CachedMethod.invoke(CachedMethod.java:107)
	at groovy.lang.MetaMethod.doMethodInvoke(MetaMethod.java:323)
	at groovy.lang.MetaClassImpl.invokeMethod(MetaClassImpl.java:1268)
	at org.codehaus.groovy.runtime.ScriptBytecodeAdapter.invokeMethodOnSuperN(ScriptBytecodeAdapter.java:144)
	at io.restassured.internal.ValidatableResponseImpl.header(ValidatableResponseImpl.groovy:184)
	at io.restassured.internal.ValidatableResponseImpl.header(ValidatableResponseImpl.groovy)
	at stepDefinitions.SkillAPI.Get_all_Users_data_displayed_with_updated_data(SkillAPI.java:220)
	at ✽.Get all Skill data displayed with updated data(file:///Users/nishikhandagale/eclipse-workspace%203/BDDCucumber-LMSAPI/./resources/Feature/SkillsAPI.feature:15)
]]></failure>
    </testcase>
    <testcase classname="User will be able to perform get, post, put and delete operations on SkillAPI" name="Verify that single User Skill can be retrieved with the url 8" time="0.116">
        <failure message="1 expectation failed.&#10;Expected header &quot;Content-Type&quot; was not &quot;application/json&quot;, was &quot;text/html;charset=utf-8&quot;. Headers are:&#10;Date=Sun, 19 Jun 2022 19:30:57 GMT&#10;X-Content-Type-Options=nosniff&#10;Set-Cookie=JSESSIONID.4cb4d0ae=node017l16vsknmmp21k2facqa5ifec30.node0; Path=/; HttpOnly&#10;Expires=Thu, 01 Jan 1970 00:00:00 GMT&#10;Content-Type=text/html;charset=utf-8&#10;X-Hudson=1.395&#10;X-Jenkins=2.332.3&#10;X-Jenkins-Session=f8d52bac&#10;Content-Length=579&#10;Server=Jetty(9.4.43.v20210629)&#10;" type="java.lang.AssertionError"><![CDATA[Given User sets request endpoint for Skill API with valid authorization.....passed
When User sends GET request with Skillid from "getSkillId" and 7............passed
Then User should get the status code "200" and skillid for Skill API........passed
Then Get all Skill data displayed with updated data.........................failed

StackTrace:
java.lang.AssertionError: 1 expectation failed.
Expected header "Content-Type" was not "application/json", was "text/html;charset=utf-8". Headers are:
Date=Sun, 19 Jun 2022 19:30:57 GMT
X-Content-Type-Options=nosniff
Set-Cookie=JSESSIONID.4cb4d0ae=node017l16vsknmmp21k2facqa5ifec30.node0; Path=/; HttpOnly
Expires=Thu, 01 Jan 1970 00:00:00 GMT
Content-Type=text/html;charset=utf-8
X-Hudson=1.395
X-Jenkins=2.332.3
X-Jenkins-Session=f8d52bac
Content-Length=579
Server=Jetty(9.4.43.v20210629)

	at java.base/jdk.internal.reflect.DirectConstructorHandleAccessor.newInstance(DirectConstructorHandleAccessor.java:67)
	at java.base/java.lang.reflect.Constructor.newInstanceWithCaller(Constructor.java:499)
	at java.base/java.lang.reflect.Constructor.newInstance(Constructor.java:483)
	at org.codehaus.groovy.reflection.CachedConstructor.invoke(CachedConstructor.java:72)
	at org.codehaus.groovy.runtime.callsite.ConstructorSite$ConstructorSiteNoUnwrapNoCoerce.callConstructor(ConstructorSite.java:105)
	at org.codehaus.groovy.runtime.callsite.AbstractCallSite.callConstructor(AbstractCallSite.java:277)
	at io.restassured.internal.ResponseSpecificationImpl$HamcrestAssertionClosure.validate(ResponseSpecificationImpl.groovy:499)
	at io.restassured.internal.ResponseSpecificationImpl$HamcrestAssertionClosure$validate$1.call(Unknown Source)
	at io.restassured.internal.ResponseSpecificationImpl.validateResponseIfRequired(ResponseSpecificationImpl.groovy:684)
	at java.base/jdk.internal.reflect.DirectMethodHandleAccessor.invoke(DirectMethodHandleAccessor.java:104)
	at java.base/java.lang.reflect.Method.invoke(Method.java:577)
	at org.codehaus.groovy.runtime.callsite.PlainObjectMetaMethodSite.doInvoke(PlainObjectMetaMethodSite.java:43)
	at org.codehaus.groovy.runtime.callsite.PogoMetaMethodSite$PogoCachedMethodSiteNoUnwrapNoCoerce.invoke(PogoMetaMethodSite.java:193)
	at org.codehaus.groovy.runtime.callsite.PogoMetaMethodSite.callCurrent(PogoMetaMethodSite.java:61)
	at org.codehaus.groovy.runtime.callsite.AbstractCallSite.callCurrent(AbstractCallSite.java:185)
	at io.restassured.internal.ResponseSpecificationImpl.header(ResponseSpecificationImpl.groovy:183)
	at io.restassured.specification.ResponseSpecification$header$0.callCurrent(Unknown Source)
	at io.restassured.internal.ResponseSpecificationImpl.header(ResponseSpecificationImpl.groovy:190)
	at io.restassured.internal.ValidatableResponseOptionsImpl.header(ValidatableResponseOptionsImpl.java:124)
	at io.restassured.internal.ValidatableResponseImpl.super$2$header(ValidatableResponseImpl.groovy)
	at java.base/jdk.internal.reflect.DirectMethodHandleAccessor.invoke(DirectMethodHandleAccessor.java:104)
	at java.base/java.lang.reflect.Method.invoke(Method.java:577)
	at org.codehaus.groovy.reflection.CachedMethod.invoke(CachedMethod.java:107)
	at groovy.lang.MetaMethod.doMethodInvoke(MetaMethod.java:323)
	at groovy.lang.MetaClassImpl.invokeMethod(MetaClassImpl.java:1268)
	at org.codehaus.groovy.runtime.ScriptBytecodeAdapter.invokeMethodOnSuperN(ScriptBytecodeAdapter.java:144)
	at io.restassured.internal.ValidatableResponseImpl.header(ValidatableResponseImpl.groovy:184)
	at io.restassured.internal.ValidatableResponseImpl.header(ValidatableResponseImpl.groovy)
	at stepDefinitions.SkillAPI.Get_all_Users_data_displayed_with_updated_data(SkillAPI.java:220)
	at ✽.Get all Skill data displayed with updated data(file:///Users/nishikhandagale/eclipse-workspace%203/BDDCucumber-LMSAPI/./resources/Feature/SkillsAPI.feature:15)
]]></failure>
    </testcase>
    <testcase classname="User will be able to perform get, post, put and delete operations on SkillAPI" name="Verify that single User Skill can be retrieved with the url 9" time="0.097">
        <failure message="1 expectation failed.&#10;Expected header &quot;Content-Type&quot; was not &quot;application/json&quot;, was &quot;text/html;charset=utf-8&quot;. Headers are:&#10;Date=Sun, 19 Jun 2022 19:30:57 GMT&#10;X-Content-Type-Options=nosniff&#10;Set-Cookie=JSESSIONID.4cb4d0ae=node01at32j9tgx362svlwtohasz3931.node0; Path=/; HttpOnly&#10;Expires=Thu, 01 Jan 1970 00:00:00 GMT&#10;Content-Type=text/html;charset=utf-8&#10;X-Hudson=1.395&#10;X-Jenkins=2.332.3&#10;X-Jenkins-Session=f8d52bac&#10;Content-Length=579&#10;Server=Jetty(9.4.43.v20210629)&#10;" type="java.lang.AssertionError"><![CDATA[Given User sets request endpoint for Skill API with valid authorization.....passed
When User sends GET request with Skillid from "getSkillId" and 8............passed
Then User should get the status code "200" and skillid for Skill API........passed
Then Get all Skill data displayed with updated data.........................failed

StackTrace:
java.lang.AssertionError: 1 expectation failed.
Expected header "Content-Type" was not "application/json", was "text/html;charset=utf-8". Headers are:
Date=Sun, 19 Jun 2022 19:30:57 GMT
X-Content-Type-Options=nosniff
Set-Cookie=JSESSIONID.4cb4d0ae=node01at32j9tgx362svlwtohasz3931.node0; Path=/; HttpOnly
Expires=Thu, 01 Jan 1970 00:00:00 GMT
Content-Type=text/html;charset=utf-8
X-Hudson=1.395
X-Jenkins=2.332.3
X-Jenkins-Session=f8d52bac
Content-Length=579
Server=Jetty(9.4.43.v20210629)

	at java.base/jdk.internal.reflect.DirectConstructorHandleAccessor.newInstance(DirectConstructorHandleAccessor.java:67)
	at java.base/java.lang.reflect.Constructor.newInstanceWithCaller(Constructor.java:499)
	at java.base/java.lang.reflect.Constructor.newInstance(Constructor.java:483)
	at org.codehaus.groovy.reflection.CachedConstructor.invoke(CachedConstructor.java:72)
	at org.codehaus.groovy.runtime.callsite.ConstructorSite$ConstructorSiteNoUnwrapNoCoerce.callConstructor(ConstructorSite.java:105)
	at org.codehaus.groovy.runtime.callsite.AbstractCallSite.callConstructor(AbstractCallSite.java:277)
	at io.restassured.internal.ResponseSpecificationImpl$HamcrestAssertionClosure.validate(ResponseSpecificationImpl.groovy:499)
	at io.restassured.internal.ResponseSpecificationImpl$HamcrestAssertionClosure$validate$1.call(Unknown Source)
	at io.restassured.internal.ResponseSpecificationImpl.validateResponseIfRequired(ResponseSpecificationImpl.groovy:684)
	at java.base/jdk.internal.reflect.DirectMethodHandleAccessor.invoke(DirectMethodHandleAccessor.java:104)
	at java.base/java.lang.reflect.Method.invoke(Method.java:577)
	at org.codehaus.groovy.runtime.callsite.PlainObjectMetaMethodSite.doInvoke(PlainObjectMetaMethodSite.java:43)
	at org.codehaus.groovy.runtime.callsite.PogoMetaMethodSite$PogoCachedMethodSiteNoUnwrapNoCoerce.invoke(PogoMetaMethodSite.java:193)
	at org.codehaus.groovy.runtime.callsite.PogoMetaMethodSite.callCurrent(PogoMetaMethodSite.java:61)
	at org.codehaus.groovy.runtime.callsite.AbstractCallSite.callCurrent(AbstractCallSite.java:185)
	at io.restassured.internal.ResponseSpecificationImpl.header(ResponseSpecificationImpl.groovy:183)
	at io.restassured.specification.ResponseSpecification$header$0.callCurrent(Unknown Source)
	at io.restassured.internal.ResponseSpecificationImpl.header(ResponseSpecificationImpl.groovy:190)
	at io.restassured.internal.ValidatableResponseOptionsImpl.header(ValidatableResponseOptionsImpl.java:124)
	at io.restassured.internal.ValidatableResponseImpl.super$2$header(ValidatableResponseImpl.groovy)
	at java.base/jdk.internal.reflect.DirectMethodHandleAccessor.invoke(DirectMethodHandleAccessor.java:104)
	at java.base/java.lang.reflect.Method.invoke(Method.java:577)
	at org.codehaus.groovy.reflection.CachedMethod.invoke(CachedMethod.java:107)
	at groovy.lang.MetaMethod.doMethodInvoke(MetaMethod.java:323)
	at groovy.lang.MetaClassImpl.invokeMethod(MetaClassImpl.java:1268)
	at org.codehaus.groovy.runtime.ScriptBytecodeAdapter.invokeMethodOnSuperN(ScriptBytecodeAdapter.java:144)
	at io.restassured.internal.ValidatableResponseImpl.header(ValidatableResponseImpl.groovy:184)
	at io.restassured.internal.ValidatableResponseImpl.header(ValidatableResponseImpl.groovy)
	at stepDefinitions.SkillAPI.Get_all_Users_data_displayed_with_updated_data(SkillAPI.java:220)
	at ✽.Get all Skill data displayed with updated data(file:///Users/nishikhandagale/eclipse-workspace%203/BDDCucumber-LMSAPI/./resources/Feature/SkillsAPI.feature:15)
]]></failure>
    </testcase>
    <testcase classname="User will be able to perform get, post, put and delete operations on SkillAPI" name="Verify that User can post user Skill" time="0.153">
        <failure message="1 expectation failed.&#10;Expected header &quot;Content-Type&quot; was not &quot;application/json&quot;, was &quot;text/html;charset=utf-8&quot;. Headers are:&#10;Date=Sun, 19 Jun 2022 19:30:57 GMT&#10;X-Content-Type-Options=nosniff&#10;Set-Cookie=JSESSIONID.4cb4d0ae=node013o67srzabib11goozhmnu8s2f32.node0; Path=/; HttpOnly&#10;Expires=Thu, 01 Jan 1970 00:00:00 GMT&#10;Content-Type=text/html;charset=utf-8&#10;X-Hudson=1.395&#10;X-Jenkins=2.332.3&#10;X-Jenkins-Session=f8d52bac&#10;Content-Length=579&#10;Server=Jetty(9.4.43.v20210629)&#10;" type="java.lang.AssertionError"><![CDATA[Given User sets request endpoint for Skill API with valid authorization.....passed
When User sends POST request with Skill data from "postSkillId" and 0.......passed
Then User should get status code "201" and respose body for successful post request for Skill API.passed
Then Get all Skill data displayed with updated data.........................failed

StackTrace:
java.lang.AssertionError: 1 expectation failed.
Expected header "Content-Type" was not "application/json", was "text/html;charset=utf-8". Headers are:
Date=Sun, 19 Jun 2022 19:30:57 GMT
X-Content-Type-Options=nosniff
Set-Cookie=JSESSIONID.4cb4d0ae=node013o67srzabib11goozhmnu8s2f32.node0; Path=/; HttpOnly
Expires=Thu, 01 Jan 1970 00:00:00 GMT
Content-Type=text/html;charset=utf-8
X-Hudson=1.395
X-Jenkins=2.332.3
X-Jenkins-Session=f8d52bac
Content-Length=579
Server=Jetty(9.4.43.v20210629)

	at java.base/jdk.internal.reflect.DirectConstructorHandleAccessor.newInstance(DirectConstructorHandleAccessor.java:67)
	at java.base/java.lang.reflect.Constructor.newInstanceWithCaller(Constructor.java:499)
	at java.base/java.lang.reflect.Constructor.newInstance(Constructor.java:483)
	at org.codehaus.groovy.reflection.CachedConstructor.invoke(CachedConstructor.java:72)
	at org.codehaus.groovy.runtime.callsite.ConstructorSite$ConstructorSiteNoUnwrapNoCoerce.callConstructor(ConstructorSite.java:105)
	at org.codehaus.groovy.runtime.callsite.AbstractCallSite.callConstructor(AbstractCallSite.java:277)
	at io.restassured.internal.ResponseSpecificationImpl$HamcrestAssertionClosure.validate(ResponseSpecificationImpl.groovy:499)
	at io.restassured.internal.ResponseSpecificationImpl$HamcrestAssertionClosure$validate$1.call(Unknown Source)
	at io.restassured.internal.ResponseSpecificationImpl.validateResponseIfRequired(ResponseSpecificationImpl.groovy:684)
	at java.base/jdk.internal.reflect.DirectMethodHandleAccessor.invoke(DirectMethodHandleAccessor.java:104)
	at java.base/java.lang.reflect.Method.invoke(Method.java:577)
	at org.codehaus.groovy.runtime.callsite.PlainObjectMetaMethodSite.doInvoke(PlainObjectMetaMethodSite.java:43)
	at org.codehaus.groovy.runtime.callsite.PogoMetaMethodSite$PogoCachedMethodSiteNoUnwrapNoCoerce.invoke(PogoMetaMethodSite.java:193)
	at org.codehaus.groovy.runtime.callsite.PogoMetaMethodSite.callCurrent(PogoMetaMethodSite.java:61)
	at org.codehaus.groovy.runtime.callsite.AbstractCallSite.callCurrent(AbstractCallSite.java:185)
	at io.restassured.internal.ResponseSpecificationImpl.header(ResponseSpecificationImpl.groovy:183)
	at io.restassured.specification.ResponseSpecification$header$0.callCurrent(Unknown Source)
	at io.restassured.internal.ResponseSpecificationImpl.header(ResponseSpecificationImpl.groovy:190)
	at io.restassured.internal.ValidatableResponseOptionsImpl.header(ValidatableResponseOptionsImpl.java:124)
	at io.restassured.internal.ValidatableResponseImpl.super$2$header(ValidatableResponseImpl.groovy)
	at java.base/jdk.internal.reflect.DirectMethodHandleAccessor.invoke(DirectMethodHandleAccessor.java:104)
	at java.base/java.lang.reflect.Method.invoke(Method.java:577)
	at org.codehaus.groovy.reflection.CachedMethod.invoke(CachedMethod.java:107)
	at groovy.lang.MetaMethod.doMethodInvoke(MetaMethod.java:323)
	at groovy.lang.MetaClassImpl.invokeMethod(MetaClassImpl.java:1268)
	at org.codehaus.groovy.runtime.ScriptBytecodeAdapter.invokeMethodOnSuperN(ScriptBytecodeAdapter.java:144)
	at io.restassured.internal.ValidatableResponseImpl.header(ValidatableResponseImpl.groovy:184)
	at io.restassured.internal.ValidatableResponseImpl.header(ValidatableResponseImpl.groovy)
	at stepDefinitions.SkillAPI.Get_all_Users_data_displayed_with_updated_data(SkillAPI.java:220)
	at ✽.Get all Skill data displayed with updated data(file:///Users/nishikhandagale/eclipse-workspace%203/BDDCucumber-LMSAPI/./resources/Feature/SkillsAPI.feature:34)
]]></failure>
    </testcase>
    <testcase classname="User will be able to perform get, post, put and delete operations on SkillAPI" name="Verify that User can post user Skill 2" time="0.125">
        <failure message="1 expectation failed.&#10;Expected header &quot;Content-Type&quot; was not &quot;application/json&quot;, was &quot;text/html;charset=utf-8&quot;. Headers are:&#10;Date=Sun, 19 Jun 2022 19:30:57 GMT&#10;X-Content-Type-Options=nosniff&#10;Set-Cookie=JSESSIONID.4cb4d0ae=node05p7acrww9rlbohq93j056f0g33.node0; Path=/; HttpOnly&#10;Expires=Thu, 01 Jan 1970 00:00:00 GMT&#10;Content-Type=text/html;charset=utf-8&#10;X-Hudson=1.395&#10;X-Jenkins=2.332.3&#10;X-Jenkins-Session=f8d52bac&#10;Content-Length=579&#10;Server=Jetty(9.4.43.v20210629)&#10;" type="java.lang.AssertionError"><![CDATA[Given User sets request endpoint for Skill API with valid authorization.....passed
When User sends POST request with Skill data from "postSkillId" and 1.......passed
Then User should get status code "201" and respose body for successful post request for Skill API.passed
Then Get all Skill data displayed with updated data.........................failed

StackTrace:
java.lang.AssertionError: 1 expectation failed.
Expected header "Content-Type" was not "application/json", was "text/html;charset=utf-8". Headers are:
Date=Sun, 19 Jun 2022 19:30:57 GMT
X-Content-Type-Options=nosniff
Set-Cookie=JSESSIONID.4cb4d0ae=node05p7acrww9rlbohq93j056f0g33.node0; Path=/; HttpOnly
Expires=Thu, 01 Jan 1970 00:00:00 GMT
Content-Type=text/html;charset=utf-8
X-Hudson=1.395
X-Jenkins=2.332.3
X-Jenkins-Session=f8d52bac
Content-Length=579
Server=Jetty(9.4.43.v20210629)

	at java.base/jdk.internal.reflect.DirectConstructorHandleAccessor.newInstance(DirectConstructorHandleAccessor.java:67)
	at java.base/java.lang.reflect.Constructor.newInstanceWithCaller(Constructor.java:499)
	at java.base/java.lang.reflect.Constructor.newInstance(Constructor.java:483)
	at org.codehaus.groovy.reflection.CachedConstructor.invoke(CachedConstructor.java:72)
	at org.codehaus.groovy.runtime.callsite.ConstructorSite$ConstructorSiteNoUnwrapNoCoerce.callConstructor(ConstructorSite.java:105)
	at org.codehaus.groovy.runtime.callsite.AbstractCallSite.callConstructor(AbstractCallSite.java:277)
	at io.restassured.internal.ResponseSpecificationImpl$HamcrestAssertionClosure.validate(ResponseSpecificationImpl.groovy:499)
	at io.restassured.internal.ResponseSpecificationImpl$HamcrestAssertionClosure$validate$1.call(Unknown Source)
	at io.restassured.internal.ResponseSpecificationImpl.validateResponseIfRequired(ResponseSpecificationImpl.groovy:684)
	at java.base/jdk.internal.reflect.DirectMethodHandleAccessor.invoke(DirectMethodHandleAccessor.java:104)
	at java.base/java.lang.reflect.Method.invoke(Method.java:577)
	at org.codehaus.groovy.runtime.callsite.PlainObjectMetaMethodSite.doInvoke(PlainObjectMetaMethodSite.java:43)
	at org.codehaus.groovy.runtime.callsite.PogoMetaMethodSite$PogoCachedMethodSiteNoUnwrapNoCoerce.invoke(PogoMetaMethodSite.java:193)
	at org.codehaus.groovy.runtime.callsite.PogoMetaMethodSite.callCurrent(PogoMetaMethodSite.java:61)
	at org.codehaus.groovy.runtime.callsite.AbstractCallSite.callCurrent(AbstractCallSite.java:185)
	at io.restassured.internal.ResponseSpecificationImpl.header(ResponseSpecificationImpl.groovy:183)
	at io.restassured.specification.ResponseSpecification$header$0.callCurrent(Unknown Source)
	at io.restassured.internal.ResponseSpecificationImpl.header(ResponseSpecificationImpl.groovy:190)
	at io.restassured.internal.ValidatableResponseOptionsImpl.header(ValidatableResponseOptionsImpl.java:124)
	at io.restassured.internal.ValidatableResponseImpl.super$2$header(ValidatableResponseImpl.groovy)
	at java.base/jdk.internal.reflect.DirectMethodHandleAccessor.invoke(DirectMethodHandleAccessor.java:104)
	at java.base/java.lang.reflect.Method.invoke(Method.java:577)
	at org.codehaus.groovy.reflection.CachedMethod.invoke(CachedMethod.java:107)
	at groovy.lang.MetaMethod.doMethodInvoke(MetaMethod.java:323)
	at groovy.lang.MetaClassImpl.invokeMethod(MetaClassImpl.java:1268)
	at org.codehaus.groovy.runtime.ScriptBytecodeAdapter.invokeMethodOnSuperN(ScriptBytecodeAdapter.java:144)
	at io.restassured.internal.ValidatableResponseImpl.header(ValidatableResponseImpl.groovy:184)
	at io.restassured.internal.ValidatableResponseImpl.header(ValidatableResponseImpl.groovy)
	at stepDefinitions.SkillAPI.Get_all_Users_data_displayed_with_updated_data(SkillAPI.java:220)
	at ✽.Get all Skill data displayed with updated data(file:///Users/nishikhandagale/eclipse-workspace%203/BDDCucumber-LMSAPI/./resources/Feature/SkillsAPI.feature:34)
]]></failure>
    </testcase>
    <testcase classname="User will be able to perform get, post, put and delete operations on SkillAPI" name="Verify that User can post user Skill 3" time="0.121">
        <failure message="1 expectation failed.&#10;Expected header &quot;Content-Type&quot; was not &quot;application/json&quot;, was &quot;text/html;charset=utf-8&quot;. Headers are:&#10;Date=Sun, 19 Jun 2022 19:30:57 GMT&#10;X-Content-Type-Options=nosniff&#10;Set-Cookie=JSESSIONID.4cb4d0ae=node019p5vy6c3foqv1iz1az8tsr7qr34.node0; Path=/; HttpOnly&#10;Expires=Thu, 01 Jan 1970 00:00:00 GMT&#10;Content-Type=text/html;charset=utf-8&#10;X-Hudson=1.395&#10;X-Jenkins=2.332.3&#10;X-Jenkins-Session=f8d52bac&#10;Content-Length=579&#10;Server=Jetty(9.4.43.v20210629)&#10;" type="java.lang.AssertionError"><![CDATA[Given User sets request endpoint for Skill API with valid authorization.....passed
When User sends POST request with Skill data from "postSkillId" and 2.......passed
Then User should get status code "201" and respose body for successful post request for Skill API.passed
Then Get all Skill data displayed with updated data.........................failed

StackTrace:
java.lang.AssertionError: 1 expectation failed.
Expected header "Content-Type" was not "application/json", was "text/html;charset=utf-8". Headers are:
Date=Sun, 19 Jun 2022 19:30:57 GMT
X-Content-Type-Options=nosniff
Set-Cookie=JSESSIONID.4cb4d0ae=node019p5vy6c3foqv1iz1az8tsr7qr34.node0; Path=/; HttpOnly
Expires=Thu, 01 Jan 1970 00:00:00 GMT
Content-Type=text/html;charset=utf-8
X-Hudson=1.395
X-Jenkins=2.332.3
X-Jenkins-Session=f8d52bac
Content-Length=579
Server=Jetty(9.4.43.v20210629)

	at java.base/jdk.internal.reflect.DirectConstructorHandleAccessor.newInstance(DirectConstructorHandleAccessor.java:67)
	at java.base/java.lang.reflect.Constructor.newInstanceWithCaller(Constructor.java:499)
	at java.base/java.lang.reflect.Constructor.newInstance(Constructor.java:483)
	at org.codehaus.groovy.reflection.CachedConstructor.invoke(CachedConstructor.java:72)
	at org.codehaus.groovy.runtime.callsite.ConstructorSite$ConstructorSiteNoUnwrapNoCoerce.callConstructor(ConstructorSite.java:105)
	at org.codehaus.groovy.runtime.callsite.AbstractCallSite.callConstructor(AbstractCallSite.java:277)
	at io.restassured.internal.ResponseSpecificationImpl$HamcrestAssertionClosure.validate(ResponseSpecificationImpl.groovy:499)
	at io.restassured.internal.ResponseSpecificationImpl$HamcrestAssertionClosure$validate$1.call(Unknown Source)
	at io.restassured.internal.ResponseSpecificationImpl.validateResponseIfRequired(ResponseSpecificationImpl.groovy:684)
	at java.base/jdk.internal.reflect.DirectMethodHandleAccessor.invoke(DirectMethodHandleAccessor.java:104)
	at java.base/java.lang.reflect.Method.invoke(Method.java:577)
	at org.codehaus.groovy.runtime.callsite.PlainObjectMetaMethodSite.doInvoke(PlainObjectMetaMethodSite.java:43)
	at org.codehaus.groovy.runtime.callsite.PogoMetaMethodSite$PogoCachedMethodSiteNoUnwrapNoCoerce.invoke(PogoMetaMethodSite.java:193)
	at org.codehaus.groovy.runtime.callsite.PogoMetaMethodSite.callCurrent(PogoMetaMethodSite.java:61)
	at org.codehaus.groovy.runtime.callsite.AbstractCallSite.callCurrent(AbstractCallSite.java:185)
	at io.restassured.internal.ResponseSpecificationImpl.header(ResponseSpecificationImpl.groovy:183)
	at io.restassured.specification.ResponseSpecification$header$0.callCurrent(Unknown Source)
	at io.restassured.internal.ResponseSpecificationImpl.header(ResponseSpecificationImpl.groovy:190)
	at io.restassured.internal.ValidatableResponseOptionsImpl.header(ValidatableResponseOptionsImpl.java:124)
	at io.restassured.internal.ValidatableResponseImpl.super$2$header(ValidatableResponseImpl.groovy)
	at java.base/jdk.internal.reflect.DirectMethodHandleAccessor.invoke(DirectMethodHandleAccessor.java:104)
	at java.base/java.lang.reflect.Method.invoke(Method.java:577)
	at org.codehaus.groovy.reflection.CachedMethod.invoke(CachedMethod.java:107)
	at groovy.lang.MetaMethod.doMethodInvoke(MetaMethod.java:323)
	at groovy.lang.MetaClassImpl.invokeMethod(MetaClassImpl.java:1268)
	at org.codehaus.groovy.runtime.ScriptBytecodeAdapter.invokeMethodOnSuperN(ScriptBytecodeAdapter.java:144)
	at io.restassured.internal.ValidatableResponseImpl.header(ValidatableResponseImpl.groovy:184)
	at io.restassured.internal.ValidatableResponseImpl.header(ValidatableResponseImpl.groovy)
	at stepDefinitions.SkillAPI.Get_all_Users_data_displayed_with_updated_data(SkillAPI.java:220)
	at ✽.Get all Skill data displayed with updated data(file:///Users/nishikhandagale/eclipse-workspace%203/BDDCucumber-LMSAPI/./resources/Feature/SkillsAPI.feature:34)
]]></failure>
    </testcase>
    <testcase classname="User will be able to perform get, post, put and delete operations on SkillAPI" name="Verify that User can post user Skill 4" time="0.118">
        <failure message="1 expectation failed.&#10;Expected header &quot;Content-Type&quot; was not &quot;application/json&quot;, was &quot;text/html;charset=utf-8&quot;. Headers are:&#10;Date=Sun, 19 Jun 2022 19:30:58 GMT&#10;X-Content-Type-Options=nosniff&#10;Set-Cookie=JSESSIONID.4cb4d0ae=node0141rsm6p10us113haiv3vto2jr35.node0; Path=/; HttpOnly&#10;Expires=Thu, 01 Jan 1970 00:00:00 GMT&#10;Content-Type=text/html;charset=utf-8&#10;X-Hudson=1.395&#10;X-Jenkins=2.332.3&#10;X-Jenkins-Session=f8d52bac&#10;Content-Length=579&#10;Server=Jetty(9.4.43.v20210629)&#10;" type="java.lang.AssertionError"><![CDATA[Given User sets request endpoint for Skill API with valid authorization.....passed
When User sends POST request with Skill data from "postSkillId" and 3.......passed
Then User should get status code "201" and respose body for successful post request for Skill API.passed
Then Get all Skill data displayed with updated data.........................failed

StackTrace:
java.lang.AssertionError: 1 expectation failed.
Expected header "Content-Type" was not "application/json", was "text/html;charset=utf-8". Headers are:
Date=Sun, 19 Jun 2022 19:30:58 GMT
X-Content-Type-Options=nosniff
Set-Cookie=JSESSIONID.4cb4d0ae=node0141rsm6p10us113haiv3vto2jr35.node0; Path=/; HttpOnly
Expires=Thu, 01 Jan 1970 00:00:00 GMT
Content-Type=text/html;charset=utf-8
X-Hudson=1.395
X-Jenkins=2.332.3
X-Jenkins-Session=f8d52bac
Content-Length=579
Server=Jetty(9.4.43.v20210629)

	at java.base/jdk.internal.reflect.DirectConstructorHandleAccessor.newInstance(DirectConstructorHandleAccessor.java:67)
	at java.base/java.lang.reflect.Constructor.newInstanceWithCaller(Constructor.java:499)
	at java.base/java.lang.reflect.Constructor.newInstance(Constructor.java:483)
	at org.codehaus.groovy.reflection.CachedConstructor.invoke(CachedConstructor.java:72)
	at org.codehaus.groovy.runtime.callsite.ConstructorSite$ConstructorSiteNoUnwrapNoCoerce.callConstructor(ConstructorSite.java:105)
	at org.codehaus.groovy.runtime.callsite.AbstractCallSite.callConstructor(AbstractCallSite.java:277)
	at io.restassured.internal.ResponseSpecificationImpl$HamcrestAssertionClosure.validate(ResponseSpecificationImpl.groovy:499)
	at io.restassured.internal.ResponseSpecificationImpl$HamcrestAssertionClosure$validate$1.call(Unknown Source)
	at io.restassured.internal.ResponseSpecificationImpl.validateResponseIfRequired(ResponseSpecificationImpl.groovy:684)
	at java.base/jdk.internal.reflect.DirectMethodHandleAccessor.invoke(DirectMethodHandleAccessor.java:104)
	at java.base/java.lang.reflect.Method.invoke(Method.java:577)
	at org.codehaus.groovy.runtime.callsite.PlainObjectMetaMethodSite.doInvoke(PlainObjectMetaMethodSite.java:43)
	at org.codehaus.groovy.runtime.callsite.PogoMetaMethodSite$PogoCachedMethodSiteNoUnwrapNoCoerce.invoke(PogoMetaMethodSite.java:193)
	at org.codehaus.groovy.runtime.callsite.PogoMetaMethodSite.callCurrent(PogoMetaMethodSite.java:61)
	at org.codehaus.groovy.runtime.callsite.AbstractCallSite.callCurrent(AbstractCallSite.java:185)
	at io.restassured.internal.ResponseSpecificationImpl.header(ResponseSpecificationImpl.groovy:183)
	at io.restassured.specification.ResponseSpecification$header$0.callCurrent(Unknown Source)
	at io.restassured.internal.ResponseSpecificationImpl.header(ResponseSpecificationImpl.groovy:190)
	at io.restassured.internal.ValidatableResponseOptionsImpl.header(ValidatableResponseOptionsImpl.java:124)
	at io.restassured.internal.ValidatableResponseImpl.super$2$header(ValidatableResponseImpl.groovy)
	at java.base/jdk.internal.reflect.DirectMethodHandleAccessor.invoke(DirectMethodHandleAccessor.java:104)
	at java.base/java.lang.reflect.Method.invoke(Method.java:577)
	at org.codehaus.groovy.reflection.CachedMethod.invoke(CachedMethod.java:107)
	at groovy.lang.MetaMethod.doMethodInvoke(MetaMethod.java:323)
	at groovy.lang.MetaClassImpl.invokeMethod(MetaClassImpl.java:1268)
	at org.codehaus.groovy.runtime.ScriptBytecodeAdapter.invokeMethodOnSuperN(ScriptBytecodeAdapter.java:144)
	at io.restassured.internal.ValidatableResponseImpl.header(ValidatableResponseImpl.groovy:184)
	at io.restassured.internal.ValidatableResponseImpl.header(ValidatableResponseImpl.groovy)
	at stepDefinitions.SkillAPI.Get_all_Users_data_displayed_with_updated_data(SkillAPI.java:220)
	at ✽.Get all Skill data displayed with updated data(file:///Users/nishikhandagale/eclipse-workspace%203/BDDCucumber-LMSAPI/./resources/Feature/SkillsAPI.feature:34)
]]></failure>
    </testcase>
    <testcase classname="User will be able to perform get, post, put and delete operations on SkillAPI" name="Verify that User can post user Skill 5" time="0.063">
        <failure message="1 expectation failed.&#10;Expected header &quot;Content-Type&quot; was not &quot;application/json&quot;, was &quot;text/html;charset=utf-8&quot;. Headers are:&#10;Date=Sun, 19 Jun 2022 19:30:58 GMT&#10;X-Content-Type-Options=nosniff&#10;Set-Cookie=JSESSIONID.4cb4d0ae=node02ocr96sdoxui1ppb9gubwx7lu36.node0; Path=/; HttpOnly&#10;Expires=Thu, 01 Jan 1970 00:00:00 GMT&#10;Content-Type=text/html;charset=utf-8&#10;X-Hudson=1.395&#10;X-Jenkins=2.332.3&#10;X-Jenkins-Session=f8d52bac&#10;Content-Length=579&#10;Server=Jetty(9.4.43.v20210629)&#10;" type="java.lang.AssertionError"><![CDATA[Given User sets request endpoint for Skill API with valid authorization.....passed
When User sends POST request with Skill data from "postSkillId" and 4.......passed
Then User should get status code "201" and respose body for successful post request for Skill API.passed
Then Get all Skill data displayed with updated data.........................failed

StackTrace:
java.lang.AssertionError: 1 expectation failed.
Expected header "Content-Type" was not "application/json", was "text/html;charset=utf-8". Headers are:
Date=Sun, 19 Jun 2022 19:30:58 GMT
X-Content-Type-Options=nosniff
Set-Cookie=JSESSIONID.4cb4d0ae=node02ocr96sdoxui1ppb9gubwx7lu36.node0; Path=/; HttpOnly
Expires=Thu, 01 Jan 1970 00:00:00 GMT
Content-Type=text/html;charset=utf-8
X-Hudson=1.395
X-Jenkins=2.332.3
X-Jenkins-Session=f8d52bac
Content-Length=579
Server=Jetty(9.4.43.v20210629)

	at java.base/jdk.internal.reflect.DirectConstructorHandleAccessor.newInstance(DirectConstructorHandleAccessor.java:67)
	at java.base/java.lang.reflect.Constructor.newInstanceWithCaller(Constructor.java:499)
	at java.base/java.lang.reflect.Constructor.newInstance(Constructor.java:483)
	at org.codehaus.groovy.reflection.CachedConstructor.invoke(CachedConstructor.java:72)
	at org.codehaus.groovy.runtime.callsite.ConstructorSite$ConstructorSiteNoUnwrapNoCoerce.callConstructor(ConstructorSite.java:105)
	at org.codehaus.groovy.runtime.callsite.AbstractCallSite.callConstructor(AbstractCallSite.java:277)
	at io.restassured.internal.ResponseSpecificationImpl$HamcrestAssertionClosure.validate(ResponseSpecificationImpl.groovy:499)
	at io.restassured.internal.ResponseSpecificationImpl$HamcrestAssertionClosure$validate$1.call(Unknown Source)
	at io.restassured.internal.ResponseSpecificationImpl.validateResponseIfRequired(ResponseSpecificationImpl.groovy:684)
	at java.base/jdk.internal.reflect.DirectMethodHandleAccessor.invoke(DirectMethodHandleAccessor.java:104)
	at java.base/java.lang.reflect.Method.invoke(Method.java:577)
	at org.codehaus.groovy.runtime.callsite.PlainObjectMetaMethodSite.doInvoke(PlainObjectMetaMethodSite.java:43)
	at org.codehaus.groovy.runtime.callsite.PogoMetaMethodSite$PogoCachedMethodSiteNoUnwrapNoCoerce.invoke(PogoMetaMethodSite.java:193)
	at org.codehaus.groovy.runtime.callsite.PogoMetaMethodSite.callCurrent(PogoMetaMethodSite.java:61)
	at org.codehaus.groovy.runtime.callsite.AbstractCallSite.callCurrent(AbstractCallSite.java:185)
	at io.restassured.internal.ResponseSpecificationImpl.header(ResponseSpecificationImpl.groovy:183)
	at io.restassured.specification.ResponseSpecification$header$0.callCurrent(Unknown Source)
	at io.restassured.internal.ResponseSpecificationImpl.header(ResponseSpecificationImpl.groovy:190)
	at io.restassured.internal.ValidatableResponseOptionsImpl.header(ValidatableResponseOptionsImpl.java:124)
	at io.restassured.internal.ValidatableResponseImpl.super$2$header(ValidatableResponseImpl.groovy)
	at java.base/jdk.internal.reflect.DirectMethodHandleAccessor.invoke(DirectMethodHandleAccessor.java:104)
	at java.base/java.lang.reflect.Method.invoke(Method.java:577)
	at org.codehaus.groovy.reflection.CachedMethod.invoke(CachedMethod.java:107)
	at groovy.lang.MetaMethod.doMethodInvoke(MetaMethod.java:323)
	at groovy.lang.MetaClassImpl.invokeMethod(MetaClassImpl.java:1268)
	at org.codehaus.groovy.runtime.ScriptBytecodeAdapter.invokeMethodOnSuperN(ScriptBytecodeAdapter.java:144)
	at io.restassured.internal.ValidatableResponseImpl.header(ValidatableResponseImpl.groovy:184)
	at io.restassured.internal.ValidatableResponseImpl.header(ValidatableResponseImpl.groovy)
	at stepDefinitions.SkillAPI.Get_all_Users_data_displayed_with_updated_data(SkillAPI.java:220)
	at ✽.Get all Skill data displayed with updated data(file:///Users/nishikhandagale/eclipse-workspace%203/BDDCucumber-LMSAPI/./resources/Feature/SkillsAPI.feature:34)
]]></failure>
    </testcase>
    <testcase classname="User will be able to perform get, post, put and delete operations on SkillAPI" name="Verify that User can post user Skill 6" time="0.101">
        <failure message="1 expectation failed.&#10;Expected header &quot;Content-Type&quot; was not &quot;application/json&quot;, was &quot;text/html;charset=utf-8&quot;. Headers are:&#10;Date=Sun, 19 Jun 2022 19:30:58 GMT&#10;X-Content-Type-Options=nosniff&#10;Set-Cookie=JSESSIONID.4cb4d0ae=node01eqfqyamen1e6wn91mftynwqg37.node0; Path=/; HttpOnly&#10;Expires=Thu, 01 Jan 1970 00:00:00 GMT&#10;Content-Type=text/html;charset=utf-8&#10;X-Hudson=1.395&#10;X-Jenkins=2.332.3&#10;X-Jenkins-Session=f8d52bac&#10;Content-Length=579&#10;Server=Jetty(9.4.43.v20210629)&#10;" type="java.lang.AssertionError"><![CDATA[Given User sets request endpoint for Skill API with valid authorization.....passed
When User sends POST request with Skill data from "postSkillId" and 5.......passed
Then User should get status code "201" and respose body for successful post request for Skill API.passed
Then Get all Skill data displayed with updated data.........................failed

StackTrace:
java.lang.AssertionError: 1 expectation failed.
Expected header "Content-Type" was not "application/json", was "text/html;charset=utf-8". Headers are:
Date=Sun, 19 Jun 2022 19:30:58 GMT
X-Content-Type-Options=nosniff
Set-Cookie=JSESSIONID.4cb4d0ae=node01eqfqyamen1e6wn91mftynwqg37.node0; Path=/; HttpOnly
Expires=Thu, 01 Jan 1970 00:00:00 GMT
Content-Type=text/html;charset=utf-8
X-Hudson=1.395
X-Jenkins=2.332.3
X-Jenkins-Session=f8d52bac
Content-Length=579
Server=Jetty(9.4.43.v20210629)

	at java.base/jdk.internal.reflect.DirectConstructorHandleAccessor.newInstance(DirectConstructorHandleAccessor.java:67)
	at java.base/java.lang.reflect.Constructor.newInstanceWithCaller(Constructor.java:499)
	at java.base/java.lang.reflect.Constructor.newInstance(Constructor.java:483)
	at org.codehaus.groovy.reflection.CachedConstructor.invoke(CachedConstructor.java:72)
	at org.codehaus.groovy.runtime.callsite.ConstructorSite$ConstructorSiteNoUnwrapNoCoerce.callConstructor(ConstructorSite.java:105)
	at org.codehaus.groovy.runtime.callsite.AbstractCallSite.callConstructor(AbstractCallSite.java:277)
	at io.restassured.internal.ResponseSpecificationImpl$HamcrestAssertionClosure.validate(ResponseSpecificationImpl.groovy:499)
	at io.restassured.internal.ResponseSpecificationImpl$HamcrestAssertionClosure$validate$1.call(Unknown Source)
	at io.restassured.internal.ResponseSpecificationImpl.validateResponseIfRequired(ResponseSpecificationImpl.groovy:684)
	at java.base/jdk.internal.reflect.DirectMethodHandleAccessor.invoke(DirectMethodHandleAccessor.java:104)
	at java.base/java.lang.reflect.Method.invoke(Method.java:577)
	at org.codehaus.groovy.runtime.callsite.PlainObjectMetaMethodSite.doInvoke(PlainObjectMetaMethodSite.java:43)
	at org.codehaus.groovy.runtime.callsite.PogoMetaMethodSite$PogoCachedMethodSiteNoUnwrapNoCoerce.invoke(PogoMetaMethodSite.java:193)
	at org.codehaus.groovy.runtime.callsite.PogoMetaMethodSite.callCurrent(PogoMetaMethodSite.java:61)
	at org.codehaus.groovy.runtime.callsite.AbstractCallSite.callCurrent(AbstractCallSite.java:185)
	at io.restassured.internal.ResponseSpecificationImpl.header(ResponseSpecificationImpl.groovy:183)
	at io.restassured.specification.ResponseSpecification$header$0.callCurrent(Unknown Source)
	at io.restassured.internal.ResponseSpecificationImpl.header(ResponseSpecificationImpl.groovy:190)
	at io.restassured.internal.ValidatableResponseOptionsImpl.header(ValidatableResponseOptionsImpl.java:124)
	at io.restassured.internal.ValidatableResponseImpl.super$2$header(ValidatableResponseImpl.groovy)
	at java.base/jdk.internal.reflect.DirectMethodHandleAccessor.invoke(DirectMethodHandleAccessor.java:104)
	at java.base/java.lang.reflect.Method.invoke(Method.java:577)
	at org.codehaus.groovy.reflection.CachedMethod.invoke(CachedMethod.java:107)
	at groovy.lang.MetaMethod.doMethodInvoke(MetaMethod.java:323)
	at groovy.lang.MetaClassImpl.invokeMethod(MetaClassImpl.java:1268)
	at org.codehaus.groovy.runtime.ScriptBytecodeAdapter.invokeMethodOnSuperN(ScriptBytecodeAdapter.java:144)
	at io.restassured.internal.ValidatableResponseImpl.header(ValidatableResponseImpl.groovy:184)
	at io.restassured.internal.ValidatableResponseImpl.header(ValidatableResponseImpl.groovy)
	at stepDefinitions.SkillAPI.Get_all_Users_data_displayed_with_updated_data(SkillAPI.java:220)
	at ✽.Get all Skill data displayed with updated data(file:///Users/nishikhandagale/eclipse-workspace%203/BDDCucumber-LMSAPI/./resources/Feature/SkillsAPI.feature:34)
]]></failure>
    </testcase>
    <testcase classname="User will be able to perform get, post, put and delete operations on SkillAPI" name="Verify that User can post user Skill 7" time="0.086">
        <failure message="1 expectation failed.&#10;Expected header &quot;Content-Type&quot; was not &quot;application/json&quot;, was &quot;text/html;charset=utf-8&quot;. Headers are:&#10;Date=Sun, 19 Jun 2022 19:30:58 GMT&#10;X-Content-Type-Options=nosniff&#10;Set-Cookie=JSESSIONID.4cb4d0ae=node0ijsnjt72u6ru1jhml6rsws03r38.node0; Path=/; HttpOnly&#10;Expires=Thu, 01 Jan 1970 00:00:00 GMT&#10;Content-Type=text/html;charset=utf-8&#10;X-Hudson=1.395&#10;X-Jenkins=2.332.3&#10;X-Jenkins-Session=f8d52bac&#10;Content-Length=579&#10;Server=Jetty(9.4.43.v20210629)&#10;" type="java.lang.AssertionError"><![CDATA[Given User sets request endpoint for Skill API with valid authorization.....passed
When User sends POST request with Skill data from "postSkillId" and 6.......passed
Then User should get status code "201" and respose body for successful post request for Skill API.passed
Then Get all Skill data displayed with updated data.........................failed

StackTrace:
java.lang.AssertionError: 1 expectation failed.
Expected header "Content-Type" was not "application/json", was "text/html;charset=utf-8". Headers are:
Date=Sun, 19 Jun 2022 19:30:58 GMT
X-Content-Type-Options=nosniff
Set-Cookie=JSESSIONID.4cb4d0ae=node0ijsnjt72u6ru1jhml6rsws03r38.node0; Path=/; HttpOnly
Expires=Thu, 01 Jan 1970 00:00:00 GMT
Content-Type=text/html;charset=utf-8
X-Hudson=1.395
X-Jenkins=2.332.3
X-Jenkins-Session=f8d52bac
Content-Length=579
Server=Jetty(9.4.43.v20210629)

	at java.base/jdk.internal.reflect.DirectConstructorHandleAccessor.newInstance(DirectConstructorHandleAccessor.java:67)
	at java.base/java.lang.reflect.Constructor.newInstanceWithCaller(Constructor.java:499)
	at java.base/java.lang.reflect.Constructor.newInstance(Constructor.java:483)
	at org.codehaus.groovy.reflection.CachedConstructor.invoke(CachedConstructor.java:72)
	at org.codehaus.groovy.runtime.callsite.ConstructorSite$ConstructorSiteNoUnwrapNoCoerce.callConstructor(ConstructorSite.java:105)
	at org.codehaus.groovy.runtime.callsite.AbstractCallSite.callConstructor(AbstractCallSite.java:277)
	at io.restassured.internal.ResponseSpecificationImpl$HamcrestAssertionClosure.validate(ResponseSpecificationImpl.groovy:499)
	at io.restassured.internal.ResponseSpecificationImpl$HamcrestAssertionClosure$validate$1.call(Unknown Source)
	at io.restassured.internal.ResponseSpecificationImpl.validateResponseIfRequired(ResponseSpecificationImpl.groovy:684)
	at java.base/jdk.internal.reflect.DirectMethodHandleAccessor.invoke(DirectMethodHandleAccessor.java:104)
	at java.base/java.lang.reflect.Method.invoke(Method.java:577)
	at org.codehaus.groovy.runtime.callsite.PlainObjectMetaMethodSite.doInvoke(PlainObjectMetaMethodSite.java:43)
	at org.codehaus.groovy.runtime.callsite.PogoMetaMethodSite$PogoCachedMethodSiteNoUnwrapNoCoerce.invoke(PogoMetaMethodSite.java:193)
	at org.codehaus.groovy.runtime.callsite.PogoMetaMethodSite.callCurrent(PogoMetaMethodSite.java:61)
	at org.codehaus.groovy.runtime.callsite.AbstractCallSite.callCurrent(AbstractCallSite.java:185)
	at io.restassured.internal.ResponseSpecificationImpl.header(ResponseSpecificationImpl.groovy:183)
	at io.restassured.specification.ResponseSpecification$header$0.callCurrent(Unknown Source)
	at io.restassured.internal.ResponseSpecificationImpl.header(ResponseSpecificationImpl.groovy:190)
	at io.restassured.internal.ValidatableResponseOptionsImpl.header(ValidatableResponseOptionsImpl.java:124)
	at io.restassured.internal.ValidatableResponseImpl.super$2$header(ValidatableResponseImpl.groovy)
	at java.base/jdk.internal.reflect.DirectMethodHandleAccessor.invoke(DirectMethodHandleAccessor.java:104)
	at java.base/java.lang.reflect.Method.invoke(Method.java:577)
	at org.codehaus.groovy.reflection.CachedMethod.invoke(CachedMethod.java:107)
	at groovy.lang.MetaMethod.doMethodInvoke(MetaMethod.java:323)
	at groovy.lang.MetaClassImpl.invokeMethod(MetaClassImpl.java:1268)
	at org.codehaus.groovy.runtime.ScriptBytecodeAdapter.invokeMethodOnSuperN(ScriptBytecodeAdapter.java:144)
	at io.restassured.internal.ValidatableResponseImpl.header(ValidatableResponseImpl.groovy:184)
	at io.restassured.internal.ValidatableResponseImpl.header(ValidatableResponseImpl.groovy)
	at stepDefinitions.SkillAPI.Get_all_Users_data_displayed_with_updated_data(SkillAPI.java:220)
	at ✽.Get all Skill data displayed with updated data(file:///Users/nishikhandagale/eclipse-workspace%203/BDDCucumber-LMSAPI/./resources/Feature/SkillsAPI.feature:34)
]]></failure>
    </testcase>
    <testcase classname="User will be able to perform get, post, put and delete operations on SkillAPI" name="Verify that User can post user Skill 8" time="0.091">
        <failure message="1 expectation failed.&#10;Expected header &quot;Content-Type&quot; was not &quot;application/json&quot;, was &quot;text/html;charset=utf-8&quot;. Headers are:&#10;Date=Sun, 19 Jun 2022 19:30:58 GMT&#10;X-Content-Type-Options=nosniff&#10;Set-Cookie=JSESSIONID.4cb4d0ae=node01ao6070xpktfz1cgyth7w13w5w39.node0; Path=/; HttpOnly&#10;Expires=Thu, 01 Jan 1970 00:00:00 GMT&#10;Content-Type=text/html;charset=utf-8&#10;X-Hudson=1.395&#10;X-Jenkins=2.332.3&#10;X-Jenkins-Session=f8d52bac&#10;Content-Length=579&#10;Server=Jetty(9.4.43.v20210629)&#10;" type="java.lang.AssertionError"><![CDATA[Given User sets request endpoint for Skill API with valid authorization.....passed
When User sends POST request with Skill data from "postSkillId" and 7.......passed
Then User should get status code "201" and respose body for successful post request for Skill API.passed
Then Get all Skill data displayed with updated data.........................failed

StackTrace:
java.lang.AssertionError: 1 expectation failed.
Expected header "Content-Type" was not "application/json", was "text/html;charset=utf-8". Headers are:
Date=Sun, 19 Jun 2022 19:30:58 GMT
X-Content-Type-Options=nosniff
Set-Cookie=JSESSIONID.4cb4d0ae=node01ao6070xpktfz1cgyth7w13w5w39.node0; Path=/; HttpOnly
Expires=Thu, 01 Jan 1970 00:00:00 GMT
Content-Type=text/html;charset=utf-8
X-Hudson=1.395
X-Jenkins=2.332.3
X-Jenkins-Session=f8d52bac
Content-Length=579
Server=Jetty(9.4.43.v20210629)

	at java.base/jdk.internal.reflect.DirectConstructorHandleAccessor.newInstance(DirectConstructorHandleAccessor.java:67)
	at java.base/java.lang.reflect.Constructor.newInstanceWithCaller(Constructor.java:499)
	at java.base/java.lang.reflect.Constructor.newInstance(Constructor.java:483)
	at org.codehaus.groovy.reflection.CachedConstructor.invoke(CachedConstructor.java:72)
	at org.codehaus.groovy.runtime.callsite.ConstructorSite$ConstructorSiteNoUnwrapNoCoerce.callConstructor(ConstructorSite.java:105)
	at org.codehaus.groovy.runtime.callsite.AbstractCallSite.callConstructor(AbstractCallSite.java:277)
	at io.restassured.internal.ResponseSpecificationImpl$HamcrestAssertionClosure.validate(ResponseSpecificationImpl.groovy:499)
	at io.restassured.internal.ResponseSpecificationImpl$HamcrestAssertionClosure$validate$1.call(Unknown Source)
	at io.restassured.internal.ResponseSpecificationImpl.validateResponseIfRequired(ResponseSpecificationImpl.groovy:684)
	at java.base/jdk.internal.reflect.DirectMethodHandleAccessor.invoke(DirectMethodHandleAccessor.java:104)
	at java.base/java.lang.reflect.Method.invoke(Method.java:577)
	at org.codehaus.groovy.runtime.callsite.PlainObjectMetaMethodSite.doInvoke(PlainObjectMetaMethodSite.java:43)
	at org.codehaus.groovy.runtime.callsite.PogoMetaMethodSite$PogoCachedMethodSiteNoUnwrapNoCoerce.invoke(PogoMetaMethodSite.java:193)
	at org.codehaus.groovy.runtime.callsite.PogoMetaMethodSite.callCurrent(PogoMetaMethodSite.java:61)
	at org.codehaus.groovy.runtime.callsite.AbstractCallSite.callCurrent(AbstractCallSite.java:185)
	at io.restassured.internal.ResponseSpecificationImpl.header(ResponseSpecificationImpl.groovy:183)
	at io.restassured.specification.ResponseSpecification$header$0.callCurrent(Unknown Source)
	at io.restassured.internal.ResponseSpecificationImpl.header(ResponseSpecificationImpl.groovy:190)
	at io.restassured.internal.ValidatableResponseOptionsImpl.header(ValidatableResponseOptionsImpl.java:124)
	at io.restassured.internal.ValidatableResponseImpl.super$2$header(ValidatableResponseImpl.groovy)
[...]
	at io.restassured.internal.ResponseSpecificationImpl.header(ResponseSpecificationImpl.groovy:190)
	at io.restassured.internal.ValidatableResponseOptionsImpl.header(ValidatableResponseOptionsImpl.java:124)
	at io.restassured.internal.ValidatableResponseImpl.super$2$header(ValidatableResponseImpl.groovy)
	at java.base/jdk.internal.reflect.DirectMethodHandleAccessor.invoke(DirectMethodHandleAccessor.java:104)
	at java.base/java.lang.reflect.Method.invoke(Method.java:577)
	at org.codehaus.groovy.reflection.CachedMethod.invoke(CachedMethod.java:107)
	at groovy.lang.MetaMethod.doMethodInvoke(MetaMethod.java:323)
	at groovy.lang.MetaClassImpl.invokeMethod(MetaClassImpl.java:1268)
	at org.codehaus.groovy.runtime.ScriptBytecodeAdapter.invokeMethodOnSuperN(ScriptBytecodeAdapter.java:144)
	at io.restassured.internal.ValidatableResponseImpl.header(ValidatableResponseImpl.groovy:184)
	at io.restassured.internal.ValidatableResponseImpl.header(ValidatableResponseImpl.groovy)
	at stepDefinitions.UserSkillMapAPI.Get_all_Users_data_displayed_with_updated_data(UserSkillMapAPI.java:217)
	at ✽.Get all UserSkillMap data displayed with updated data(file:///Users/nishikhandagale/eclipse-workspace%203/BDDCucumber-LMSAPI/./resources/Feature/UserSkillMapAPI.feature:72)
]]></failure>
    </testcase>
    <testcase classname="User will be able to perform get, post, put and delete operations on SkillAPI" name="Verify that User can delete SkillMap 7" time="0.03">
        <failure message="1 expectation failed.&#10;Expected header &quot;Content-Type&quot; was not &quot;application/json&quot;, was &quot;text/html;charset=utf-8&quot;. Headers are:&#10;Date=Sun, 19 Jun 2022 19:31:04 GMT&#10;X-Content-Type-Options=nosniff&#10;Set-Cookie=JSESSIONID.4cb4d0ae=node01ppct6ixwtcpn3gxqr0jbbih9117.node0; Path=/; HttpOnly&#10;Expires=Thu, 01 Jan 1970 00:00:00 GMT&#10;Content-Type=text/html;charset=utf-8&#10;X-Hudson=1.395&#10;X-Jenkins=2.332.3&#10;X-Jenkins-Session=f8d52bac&#10;Content-Length=587&#10;Server=Jetty(9.4.43.v20210629)&#10;" type="java.lang.AssertionError"><![CDATA[Given User sets request endpoint for UserSkillMap API with valid authorization.passed
When User sends DELETE request with skillmapid from "delSkillMapId" and 6...passed
Then User should get status code "200" and respose body for successful DELETE request for UserSkillMap API.passed
Then Get all UserSkillMap data displayed with updated data..................failed

StackTrace:
java.lang.AssertionError: 1 expectation failed.
Expected header "Content-Type" was not "application/json", was "text/html;charset=utf-8". Headers are:
Date=Sun, 19 Jun 2022 19:31:04 GMT
X-Content-Type-Options=nosniff
Set-Cookie=JSESSIONID.4cb4d0ae=node01ppct6ixwtcpn3gxqr0jbbih9117.node0; Path=/; HttpOnly
Expires=Thu, 01 Jan 1970 00:00:00 GMT
Content-Type=text/html;charset=utf-8
X-Hudson=1.395
X-Jenkins=2.332.3
X-Jenkins-Session=f8d52bac
Content-Length=587
Server=Jetty(9.4.43.v20210629)

	at java.base/jdk.internal.reflect.DirectConstructorHandleAccessor.newInstance(DirectConstructorHandleAccessor.java:67)
	at java.base/java.lang.reflect.Constructor.newInstanceWithCaller(Constructor.java:499)
	at java.base/java.lang.reflect.Constructor.newInstance(Constructor.java:483)
	at org.codehaus.groovy.reflection.CachedConstructor.invoke(CachedConstructor.java:72)
	at org.codehaus.groovy.runtime.callsite.ConstructorSite$ConstructorSiteNoUnwrapNoCoerce.callConstructor(ConstructorSite.java:105)
	at org.codehaus.groovy.runtime.callsite.AbstractCallSite.callConstructor(AbstractCallSite.java:277)
	at io.restassured.internal.ResponseSpecificationImpl$HamcrestAssertionClosure.validate(ResponseSpecificationImpl.groovy:499)
	at io.restassured.internal.ResponseSpecificationImpl$HamcrestAssertionClosure$validate$1.call(Unknown Source)
	at io.restassured.internal.ResponseSpecificationImpl.validateResponseIfRequired(ResponseSpecificationImpl.groovy:684)
	at java.base/jdk.internal.reflect.DirectMethodHandleAccessor.invoke(DirectMethodHandleAccessor.java:104)
	at java.base/java.lang.reflect.Method.invoke(Method.java:577)
	at org.codehaus.groovy.runtime.callsite.PlainObjectMetaMethodSite.doInvoke(PlainObjectMetaMethodSite.java:43)
	at org.codehaus.groovy.runtime.callsite.PogoMetaMethodSite$PogoCachedMethodSiteNoUnwrapNoCoerce.invoke(PogoMetaMethodSite.java:193)
	at org.codehaus.groovy.runtime.callsite.PogoMetaMethodSite.callCurrent(PogoMetaMethodSite.java:61)
	at org.codehaus.groovy.runtime.callsite.AbstractCallSite.callCurrent(AbstractCallSite.java:185)
	at io.restassured.internal.ResponseSpecificationImpl.header(ResponseSpecificationImpl.groovy:183)
	at io.restassured.specification.ResponseSpecification$header$0.callCurrent(Unknown Source)
	at io.restassured.internal.ResponseSpecificationImpl.header(ResponseSpecificationImpl.groovy:190)
	at io.restassured.internal.ValidatableResponseOptionsImpl.header(ValidatableResponseOptionsImpl.java:124)
	at io.restassured.internal.ValidatableResponseImpl.super$2$header(ValidatableResponseImpl.groovy)
	at java.base/jdk.internal.reflect.DirectMethodHandleAccessor.invoke(DirectMethodHandleAccessor.java:104)
	at java.base/java.lang.reflect.Method.invoke(Method.java:577)
	at org.codehaus.groovy.reflection.CachedMethod.invoke(CachedMethod.java:107)
	at groovy.lang.MetaMethod.doMethodInvoke(MetaMethod.java:323)
	at groovy.lang.MetaClassImpl.invokeMethod(MetaClassImpl.java:1268)
	at org.codehaus.groovy.runtime.ScriptBytecodeAdapter.invokeMethodOnSuperN(ScriptBytecodeAdapter.java:144)
	at io.restassured.internal.ValidatableResponseImpl.header(ValidatableResponseImpl.groovy:184)
	at io.restassured.internal.ValidatableResponseImpl.header(ValidatableResponseImpl.groovy)
	at stepDefinitions.UserSkillMapAPI.Get_all_Users_data_displayed_with_updated_data(UserSkillMapAPI.java:217)
	at ✽.Get all UserSkillMap data displayed with updated data(file:///Users/nishikhandagale/eclipse-workspace%203/BDDCucumber-LMSAPI/./resources/Feature/UserSkillMapAPI.feature:72)
]]></failure>
    </testcase>
    <testcase classname="User will be able to perform get, post, put and delete operations on SkillAPI" name="Verify that User can delete SkillMap 8" time="0.026">
        <failure message="1 expectation failed.&#10;Expected header &quot;Content-Type&quot; was not &quot;application/json&quot;, was &quot;text/html;charset=utf-8&quot;. Headers are:&#10;Date=Sun, 19 Jun 2022 19:31:04 GMT&#10;X-Content-Type-Options=nosniff&#10;Set-Cookie=JSESSIONID.4cb4d0ae=node07ocffarh95ecgwg6pudxin9h118.node0; Path=/; HttpOnly&#10;Expires=Thu, 01 Jan 1970 00:00:00 GMT&#10;Content-Type=text/html;charset=utf-8&#10;X-Hudson=1.395&#10;X-Jenkins=2.332.3&#10;X-Jenkins-Session=f8d52bac&#10;Content-Length=587&#10;Server=Jetty(9.4.43.v20210629)&#10;" type="java.lang.AssertionError"><![CDATA[Given User sets request endpoint for UserSkillMap API with valid authorization.passed
When User sends DELETE request with skillmapid from "delSkillMapId" and 7...passed
Then User should get status code "200" and respose body for successful DELETE request for UserSkillMap API.passed
Then Get all UserSkillMap data displayed with updated data..................failed

StackTrace:
java.lang.AssertionError: 1 expectation failed.
Expected header "Content-Type" was not "application/json", was "text/html;charset=utf-8". Headers are:
Date=Sun, 19 Jun 2022 19:31:04 GMT
X-Content-Type-Options=nosniff
Set-Cookie=JSESSIONID.4cb4d0ae=node07ocffarh95ecgwg6pudxin9h118.node0; Path=/; HttpOnly
Expires=Thu, 01 Jan 1970 00:00:00 GMT
Content-Type=text/html;charset=utf-8
X-Hudson=1.395
X-Jenkins=2.332.3
X-Jenkins-Session=f8d52bac
Content-Length=587
Server=Jetty(9.4.43.v20210629)

	at java.base/jdk.internal.reflect.DirectConstructorHandleAccessor.newInstance(DirectConstructorHandleAccessor.java:67)
	at java.base/java.lang.reflect.Constructor.newInstanceWithCaller(Constructor.java:499)
	at java.base/java.lang.reflect.Constructor.newInstance(Constructor.java:483)
	at org.codehaus.groovy.reflection.CachedConstructor.invoke(CachedConstructor.java:72)
	at org.codehaus.groovy.runtime.callsite.ConstructorSite$ConstructorSiteNoUnwrapNoCoerce.callConstructor(ConstructorSite.java:105)
	at org.codehaus.groovy.runtime.callsite.AbstractCallSite.callConstructor(AbstractCallSite.java:277)
	at io.restassured.internal.ResponseSpecificationImpl$HamcrestAssertionClosure.validate(ResponseSpecificationImpl.groovy:499)
	at io.restassured.internal.ResponseSpecificationImpl$HamcrestAssertionClosure$validate$1.call(Unknown Source)
	at io.restassured.internal.ResponseSpecificationImpl.validateResponseIfRequired(ResponseSpecificationImpl.groovy:684)
	at java.base/jdk.internal.reflect.DirectMethodHandleAccessor.invoke(DirectMethodHandleAccessor.java:104)
	at java.base/java.lang.reflect.Method.invoke(Method.java:577)
	at org.codehaus.groovy.runtime.callsite.PlainObjectMetaMethodSite.doInvoke(PlainObjectMetaMethodSite.java:43)
	at org.codehaus.groovy.runtime.callsite.PogoMetaMethodSite$PogoCachedMethodSiteNoUnwrapNoCoerce.invoke(PogoMetaMethodSite.java:193)
	at org.codehaus.groovy.runtime.callsite.PogoMetaMethodSite.callCurrent(PogoMetaMethodSite.java:61)
	at org.codehaus.groovy.runtime.callsite.AbstractCallSite.callCurrent(AbstractCallSite.java:185)
	at io.restassured.internal.ResponseSpecificationImpl.header(ResponseSpecificationImpl.groovy:183)
	at io.restassured.specification.ResponseSpecification$header$0.callCurrent(Unknown Source)
	at io.restassured.internal.ResponseSpecificationImpl.header(ResponseSpecificationImpl.groovy:190)
	at io.restassured.internal.ValidatableResponseOptionsImpl.header(ValidatableResponseOptionsImpl.java:124)
	at io.restassured.internal.ValidatableResponseImpl.super$2$header(ValidatableResponseImpl.groovy)
	at java.base/jdk.internal.reflect.DirectMethodHandleAccessor.invoke(DirectMethodHandleAccessor.java:104)
	at java.base/java.lang.reflect.Method.invoke(Method.java:577)
	at org.codehaus.groovy.reflection.CachedMethod.invoke(CachedMethod.java:107)
	at groovy.lang.MetaMethod.doMethodInvoke(MetaMethod.java:323)
	at groovy.lang.MetaClassImpl.invokeMethod(MetaClassImpl.java:1268)
	at org.codehaus.groovy.runtime.ScriptBytecodeAdapter.invokeMethodOnSuperN(ScriptBytecodeAdapter.java:144)
	at io.restassured.internal.ValidatableResponseImpl.header(ValidatableResponseImpl.groovy:184)
	at io.restassured.internal.ValidatableResponseImpl.header(ValidatableResponseImpl.groovy)
	at stepDefinitions.UserSkillMapAPI.Get_all_Users_data_displayed_with_updated_data(UserSkillMapAPI.java:217)
	at ✽.Get all UserSkillMap data displayed with updated data(file:///Users/nishikhandagale/eclipse-workspace%203/BDDCucumber-LMSAPI/./resources/Feature/UserSkillMapAPI.feature:72)
]]></failure>
    </testcase>
    <testcase classname="User will be able to get UserSkillMapGet API details" name="Verify that all UserSkillsMap data can be retrieved with the url" time="0.015">
        <system-out><![CDATA[Given User sets GET request for UserSkillsMap endpoint with valid authorization.passed
When User sends GET request for UserSkillsMap...............................passed
Then User should get the status code "200" and checks response with json schema validation for UserSkillsGetMap.passed
]]></system-out>
    </testcase>
    <testcase classname="User will be able to get UserSkillMapGet API details" name="Verify that single UsersSkillsMap data with skillId can be retrieved with the url" time="0.035">
        <system-out><![CDATA[Given User sets GET request for UsersSkillsMap endpoint with valid authorization2.passed
When User sends GET request with skillId from "skillId" and 0...............passed
Then User should get the status code "200" and checks response with json schema validation for skillId in UserSkillsGetMap.passed
]]></system-out>
    </testcase>
    <testcase classname="User will be able to get UserSkillMapGet API details" name="Verify that single UsersSkillsMap data with skillId can be retrieved with the url 2" time="0.024">
        <system-out><![CDATA[Given User sets GET request for UsersSkillsMap endpoint with valid authorization2.passed
When User sends GET request with skillId from "skillId" and 1...............passed
Then User should get the status code "200" and checks response with json schema validation for skillId in UserSkillsGetMap.passed
]]></system-out>
    </testcase>
    <testcase classname="User will be able to get UserSkillMapGet API details" name="Verify that single UsersSkillsMap data with skillId can be retrieved with the url 3" time="0.024">
        <system-out><![CDATA[Given User sets GET request for UsersSkillsMap endpoint with valid authorization2.passed
When User sends GET request with skillId from "skillId" and 2...............passed
Then User should get the status code "200" and checks response with json schema validation for skillId in UserSkillsGetMap.passed
]]></system-out>
    </testcase>
    <testcase classname="User will be able to get UserSkillMapGet API details" name="Verify that single UsersSkillsMap data with skillId can be retrieved with the url 4" time="0.022">
        <system-out><![CDATA[Given User sets GET request for UsersSkillsMap endpoint with valid authorization2.passed
When User sends GET request with skillId from "skillId" and 3...............passed
Then User should get the status code "200" and checks response with json schema validation for skillId in UserSkillsGetMap.passed
]]></system-out>
    </testcase>
    <testcase classname="User will be able to get UserSkillMapGet API details" name="Verify that single UsersSkillsMap data with skillId can be retrieved with the url 5" time="0.025">
        <system-out><![CDATA[Given User sets GET request for UsersSkillsMap endpoint with valid authorization2.passed
When User sends GET request with skillId from "skillId" and 4...............passed
Then User should get the status code "200" and checks response with json schema validation for skillId in UserSkillsGetMap.passed
]]></system-out>
    </testcase>
    <testcase classname="User will be able to get UserSkillMapGet API details" name="Verify that single UsersSkillsMap data with skillId can be retrieved with the url 6" time="0.022">
        <system-out><![CDATA[Given User sets GET request for UsersSkillsMap endpoint with valid authorization2.passed
When User sends GET request with skillId from "skillId" and 5...............passed
Then User should get the status code "200" and checks response with json schema validation for skillId in UserSkillsGetMap.passed
]]></system-out>
    </testcase>
    <testcase classname="User will be able to get UserSkillMapGet API details" name="Verify that single UsersSkillsMap data with skillId can be retrieved with the url 7" time="0.019">
        <system-out><![CDATA[Given User sets GET request for UsersSkillsMap endpoint with valid authorization2.passed
When User sends GET request with skillId from "skillId" and 6...............passed
Then User should get the status code "200" and checks response with json schema validation for skillId in UserSkillsGetMap.passed
]]></system-out>
    </testcase>
    <testcase classname="User will be able to get UserSkillMapGet API details" name="Verify that single UsersSkillsMap data with skillId can be retrieved with the url 8" time="0.018">
        <system-out><![CDATA[Given User sets GET request for UsersSkillsMap endpoint with valid authorization2.passed
When User sends GET request with skillId from "skillId" and 7...............passed
Then User should get the status code "200" and checks response with json schema validation for skillId in UserSkillsGetMap.passed
]]></system-out>
    </testcase>
    <testcase classname="User will be able to get UserSkillMapGet API details" name="Verify that single UserSkillsMap data with userId can be retrieved with the url" time="0.075">
        <system-out><![CDATA[Given User sets GET request for UserSkillsMap endpoint with valid authorization.passed
When User sends GET request with userId from "userId" and 0.................passed
Then User should get the status code "200" and checks response with json schema validation for userId in UserSkillsGetMap.passed
]]></system-out>
    </testcase>
    <testcase classname="User will be able to get UserSkillMapGet API details" name="Verify that single UserSkillsMap data with userId can be retrieved with the url 2" time="0.023">
        <system-out><![CDATA[Given User sets GET request for UserSkillsMap endpoint with valid authorization.passed
When User sends GET request with userId from "userId" and 1.................passed
Then User should get the status code "200" and checks response with json schema validation for userId in UserSkillsGetMap.passed
]]></system-out>
    </testcase>
    <testcase classname="User will be able to get UserSkillMapGet API details" name="Verify that single UserSkillsMap data with userId can be retrieved with the url 3" time="0.023">
        <system-out><![CDATA[Given User sets GET request for UserSkillsMap endpoint with valid authorization.passed
When User sends GET request with userId from "userId" and 2.................passed
Then User should get the status code "200" and checks response with json schema validation for userId in UserSkillsGetMap.passed
]]></system-out>
    </testcase>
    <testcase classname="User will be able to get UserSkillMapGet API details" name="Verify that single UserSkillsMap data with userId can be retrieved with the url 4" time="0.02">
        <system-out><![CDATA[Given User sets GET request for UserSkillsMap endpoint with valid authorization.passed
When User sends GET request with userId from "userId" and 3.................passed
Then User should get the status code "200" and checks response with json schema validation for userId in UserSkillsGetMap.passed
]]></system-out>
    </testcase>
    <testcase classname="User will be able to get UserSkillMapGet API details" name="Verify that single UserSkillsMap data with userId can be retrieved with the url 5" time="0.024">
        <system-out><![CDATA[Given User sets GET request for UserSkillsMap endpoint with valid authorization.passed
When User sends GET request with userId from "userId" and 4.................passed
Then User should get the status code "200" and checks response with json schema validation for userId in UserSkillsGetMap.passed
]]></system-out>
    </testcase>
    <testcase classname="User will be able to get UserSkillMapGet API details" name="Verify that single UserSkillsMap data with userId can be retrieved with the url 6" time="0.023">
        <system-out><![CDATA[Given User sets GET request for UserSkillsMap endpoint with valid authorization.passed
When User sends GET request with userId from "userId" and 5.................passed
Then User should get the status code "200" and checks response with json schema validation for userId in UserSkillsGetMap.passed
]]></system-out>
    </testcase>
    <testcase classname="User will be able to get UserSkillMapGet API details" name="Verify that single UserSkillsMap data with userId can be retrieved with the url 7" time="0.023">
        <system-out><![CDATA[Given User sets GET request for UserSkillsMap endpoint with valid authorization.passed
When User sends GET request with userId from "userId" and 6.................passed
Then User should get the status code "200" and checks response with json schema validation for userId in UserSkillsGetMap.passed
]]></system-out>
    </testcase>
    <testcase classname="User will be able to get UserSkillMapGet API details" name="Verify that single UserSkillsMap data with userId can be retrieved with the url 8" time="0.025">
        <system-out><![CDATA[Given User sets GET request for UserSkillsMap endpoint with valid authorization.passed
When User sends GET request with userId from "userId" and 7.................passed
Then User should get the status code "200" and checks response with json schema validation for userId in UserSkillsGetMap.passed
]]></system-out>
    </testcase>
</testsuite>
