<?xml version="1.0" encoding="UTF-8"?>
<testng-results ignored="0" total="0" passed="0" failed="0" skipped="0">
  <reporter-output>
  </reporter-output>
  <suite started-at="2022-06-04T23:06:58 EDT" name="runner.Test" finished-at="2022-06-04T23:06:58 EDT" duration-ms="6">
    <groups>
    </groups>
    <test started-at="2022-06-04T23:06:58 EDT" name="Command line test" finished-at="2022-06-04T23:06:58 EDT" duration-ms="6">
    </test> <!-- Command line test -->
  </suite> <!-- runner.Test -->
</testng-results>
